This is pdfTeX, Version 3.14159265-2.6-1.40.17 (TeX Live 2016) (preloaded format=pdflatex 2016.5.22)  7 AUG 2017 10:59
entering extended mode
 restricted \write18 enabled.
 %&-line parsing enabled.
**developer_man.tex
(./developer_man.tex
LaTeX2e <2016/03/31>
Babel <3.9r> and hyphenation patterns for 83 language(s) loaded.
(/usr/local/texlive/2016/texmf-dist/tex/latex/base/article.cls
Document Class: article 2014/09/29 v1.4h Standard LaTeX document class
(/usr/local/texlive/2016/texmf-dist/tex/latex/base/size12.clo
File: size12.clo 2014/09/29 v1.4h Standard LaTeX file (size option)
)
\c@part=\count79
\c@section=\count80
\c@subsection=\count81
\c@subsubsection=\count82
\c@paragraph=\count83
\c@subparagraph=\count84
\c@figure=\count85
\c@table=\count86
\abovecaptionskip=\skip41
\belowcaptionskip=\skip42
\bibindent=\dimen102
) (./html.sty
Package: html 1996/02/01 v1.0 hypertext commands for latex2html (nd, hs)
\c@lpart=\count87
\c@lchapter=\count88
\c@lsection=\count89
\c@lsubsection=\count90
\c@lsubsubsection=\count91
\c@lparagraph=\count92
\c@lsubparagraph=\count93
\c@lsubsubparagraph=\count94
\c@lequation=\count95
)
(/usr/local/texlive/2016/texmf-dist/tex/latex/hyperref/hyperref.sty
Package: hyperref 2016/05/05 v6.83n Hypertext links for LaTeX

(/usr/local/texlive/2016/texmf-dist/tex/generic/oberdiek/hobsub-hyperref.sty
Package: hobsub-hyperref 2016/05/16 v1.14 Bundle oberdiek, subset hyperref (HO)


(/usr/local/texlive/2016/texmf-dist/tex/generic/oberdiek/hobsub-generic.sty
Package: hobsub-generic 2016/05/16 v1.14 Bundle oberdiek, subset generic (HO)
Package: hobsub 2016/05/16 v1.14 Construct package bundles (HO)
Package: infwarerr 2016/05/16 v1.4 Providing info/warning/error messages (HO)
Package: ltxcmds 2016/05/16 v1.23 LaTeX kernel commands for general use (HO)
Package: ifluatex 2016/05/16 v1.4 Provides the ifluatex switch (HO)
Package ifluatex Info: LuaTeX not detected.
Package: ifvtex 2016/05/16 v1.6 Detect VTeX and its facilities (HO)
Package ifvtex Info: VTeX not detected.
Package: intcalc 2016/05/16 v1.2 Expandable calculations with integers (HO)
Package: ifpdf 2016/05/14 v3.1 Provides the ifpdf switch
Package: etexcmds 2016/05/16 v1.6 Avoid name clashes with e-TeX commands (HO)
Package etexcmds Info: Could not find \expanded.
(etexcmds)             That can mean that you are not using pdfTeX 1.50 or
(etexcmds)             that some package has redefined \expanded.
(etexcmds)             In the latter case, load this package earlier.
Package: kvsetkeys 2016/05/16 v1.17 Key value parser (HO)
Package: kvdefinekeys 2016/05/16 v1.4 Define keys (HO)
Package: pdftexcmds 2016/05/10 v0.21 Utility functions of pdfTeX for LuaTeX (HO
)
Package pdftexcmds Info: LuaTeX not detected.
Package pdftexcmds Info: \pdf@primitive is available.
Package pdftexcmds Info: \pdf@ifprimitive is available.
Package pdftexcmds Info: \pdfdraftmode found.
Package: pdfescape 2016/05/16 v1.14 Implements pdfTeX's escape features (HO)
Package: bigintcalc 2016/05/16 v1.4 Expandable calculations on big integers (HO
)
Package: bitset 2016/05/16 v1.2 Handle bit-vector datatype (HO)
Package: uniquecounter 2016/05/16 v1.3 Provide unlimited unique counter (HO)
)
Package hobsub Info: Skipping package `hobsub' (already loaded).
Package: letltxmacro 2016/05/16 v1.5 Let assignment for LaTeX macros (HO)
Package: hopatch 2016/05/16 v1.3 Wrapper for package hooks (HO)
Package: xcolor-patch 2016/05/16 xcolor patch
Package: atveryend 2016/05/16 v1.9 Hooks at the very end of document (HO)
Package atveryend Info: \enddocument detected (standard20110627).
Package: atbegshi 2016/05/16 v1.17 At begin shipout hook (HO)
Package: refcount 2016/05/16 v3.5 Data extraction from label references (HO)
Package: hycolor 2016/05/16 v1.8 Color options for hyperref/bookmark (HO)
)
(/usr/local/texlive/2016/texmf-dist/tex/latex/graphics/keyval.sty
Package: keyval 2014/10/28 v1.15 key=value parser (DPC)
\KV@toks@=\toks14
)
(/usr/local/texlive/2016/texmf-dist/tex/generic/ifxetex/ifxetex.sty
Package: ifxetex 2010/09/12 v0.6 Provides ifxetex conditional
)
(/usr/local/texlive/2016/texmf-dist/tex/latex/oberdiek/auxhook.sty
Package: auxhook 2016/05/16 v1.4 Hooks for auxiliary files (HO)
)
(/usr/local/texlive/2016/texmf-dist/tex/latex/oberdiek/kvoptions.sty
Package: kvoptions 2016/05/16 v3.12 Key value format for package options (HO)
)
\@linkdim=\dimen103
\Hy@linkcounter=\count96
\Hy@pagecounter=\count97

(/usr/local/texlive/2016/texmf-dist/tex/latex/hyperref/pd1enc.def
File: pd1enc.def 2016/05/05 v6.83n Hyperref: PDFDocEncoding definition (HO)
)
\Hy@SavedSpaceFactor=\count98

(/usr/local/texlive/2016/texmf-dist/tex/latex/latexconfig/hyperref.cfg
File: hyperref.cfg 2002/06/06 v1.2 hyperref configuration of TeXLive
)
Package hyperref Info: Option `colorlinks' set `true' on input line 4322.
Package hyperref Info: Option `unicode' set `true' on input line 4322.

(/usr/local/texlive/2016/texmf-dist/tex/latex/hyperref/puenc.def
File: puenc.def 2016/05/05 v6.83n Hyperref: PDF Unicode definition (HO)
)
Package hyperref Info: Hyper figures OFF on input line 4446.
Package hyperref Info: Link nesting OFF on input line 4451.
Package hyperref Info: Hyper index ON on input line 4454.
Package hyperref Info: Plain pages OFF on input line 4461.
Package hyperref Info: Backreferencing OFF on input line 4466.
Package hyperref Info: Implicit mode ON; LaTeX internals redefined.
Package hyperref Info: Bookmarks ON on input line 4691.
\c@Hy@tempcnt=\count99

(/usr/local/texlive/2016/texmf-dist/tex/latex/url/url.sty
\Urlmuskip=\muskip10
Package: url 2013/09/16  ver 3.4  Verb mode for urls, etc.
)
LaTeX Info: Redefining \url on input line 5044.
LaTeX Info: Redefining \hyperref on input line 5055.
\XeTeXLinkMargin=\dimen104
\Fld@menulength=\count100
\Field@Width=\dimen105
\Fld@charsize=\dimen106
Package hyperref Info: Hyper figures OFF on input line 6298.
Package hyperref Info: Link nesting OFF on input line 6303.
Package hyperref Info: Hyper index ON on input line 6306.
Package hyperref Info: backreferencing OFF on input line 6313.
Package hyperref Info: Link coloring ON on input line 6316.
Package hyperref Info: Link coloring with OCG OFF on input line 6323.
Package hyperref Info: PDF/A mode OFF on input line 6328.
LaTeX Info: Redefining \ref on input line 6368.
LaTeX Info: Redefining \pageref on input line 6372.
\Hy@abspage=\count101
\c@Item=\count102
\c@Hfootnote=\count103
)

Package hyperref Message: Driver (autodetected): hpdftex.

(/usr/local/texlive/2016/texmf-dist/tex/latex/hyperref/hpdftex.def
File: hpdftex.def 2016/05/05 v6.83n Hyperref driver for pdfTeX
\Fld@listcount=\count104
\c@bookmark@seq@number=\count105

(/usr/local/texlive/2016/texmf-dist/tex/latex/oberdiek/rerunfilecheck.sty
Package: rerunfilecheck 2016/05/16 v1.8 Rerun checks for auxiliary files (HO)
Package uniquecounter Info: New unique counter `rerunfilecheck' on input line 2
82.
)
\Hy@SectionHShift=\skip43
)
(/usr/local/texlive/2016/texmf-dist/tex/latex/graphics/graphicx.sty
Package: graphicx 2014/10/28 v1.0g Enhanced LaTeX Graphics (DPC,SPQR)

(/usr/local/texlive/2016/texmf-dist/tex/latex/graphics/graphics.sty
Package: graphics 2016/05/09 v1.0r Standard LaTeX Graphics (DPC,SPQR)

(/usr/local/texlive/2016/texmf-dist/tex/latex/graphics/trig.sty
Package: trig 2016/01/03 v1.10 sin cos tan (DPC)
)
(/usr/local/texlive/2016/texmf-dist/tex/latex/graphics-cfg/graphics.cfg
File: graphics.cfg 2016/01/02 v1.10 sample graphics configuration
)
Package graphics Info: Driver file: pdftex.def on input line 96.

(/usr/local/texlive/2016/texmf-dist/tex/latex/pdftex-def/pdftex.def
File: pdftex.def 2011/05/27 v0.06d Graphics/color for pdfTeX
\Gread@gobject=\count106
))
\Gin@req@height=\dimen107
\Gin@req@width=\dimen108
)
(./developer_man.aux)
\openout1 = `developer_man.aux'.

LaTeX Font Info:    Checking defaults for OML/cmm/m/it on input line 25.
LaTeX Font Info:    ... okay on input line 25.
LaTeX Font Info:    Checking defaults for T1/cmr/m/n on input line 25.
LaTeX Font Info:    ... okay on input line 25.
LaTeX Font Info:    Checking defaults for OT1/cmr/m/n on input line 25.
LaTeX Font Info:    ... okay on input line 25.
LaTeX Font Info:    Checking defaults for OMS/cmsy/m/n on input line 25.
LaTeX Font Info:    ... okay on input line 25.
LaTeX Font Info:    Checking defaults for OMX/cmex/m/n on input line 25.
LaTeX Font Info:    ... okay on input line 25.
LaTeX Font Info:    Checking defaults for U/cmr/m/n on input line 25.
LaTeX Font Info:    ... okay on input line 25.
LaTeX Font Info:    Checking defaults for PD1/pdf/m/n on input line 25.
LaTeX Font Info:    ... okay on input line 25.
LaTeX Font Info:    Checking defaults for PU/pdf/m/n on input line 25.
LaTeX Font Info:    ... okay on input line 25.
\AtBeginShipoutBox=\box26

(/usr/local/texlive/2016/texmf-dist/tex/latex/graphics/color.sty
Package: color 2016/05/09 v1.1c Standard LaTeX Color (DPC)

(/usr/local/texlive/2016/texmf-dist/tex/latex/graphics-cfg/color.cfg
File: color.cfg 2016/01/02 v1.6 sample color configuration
)
Package color Info: Driver file: pdftex.def on input line 144.
)
Package hyperref Info: Link coloring ON on input line 25.

(/usr/local/texlive/2016/texmf-dist/tex/latex/hyperref/nameref.sty
Package: nameref 2012/10/27 v2.43 Cross-referencing by name of section

(/usr/local/texlive/2016/texmf-dist/tex/generic/oberdiek/gettitlestring.sty
Package: gettitlestring 2016/05/16 v1.5 Cleanup title references (HO)
)
\c@section@level=\count107
)
LaTeX Info: Redefining \ref on input line 25.
LaTeX Info: Redefining \pageref on input line 25.
LaTeX Info: Redefining \nameref on input line 25.

(./developer_man.out) (./developer_man.out)
\@outlinefile=\write3
\openout3 = `developer_man.out'.


(/usr/local/texlive/2016/texmf-dist/tex/context/base/mkii/supp-pdf.mkii
[Loading MPS to PDF converter (version 2006.09.02).]
\scratchcounter=\count108
\scratchdimen=\dimen109
\scratchbox=\box27
\nofMPsegments=\count109
\nofMParguments=\count110
\everyMPshowfont=\toks15
\MPscratchCnt=\count111
\MPscratchDim=\dimen110
\MPnumerator=\count112
\makeMPintoPDFobject=\count113
\everyMPtoPDFconversion=\toks16
) (/usr/local/texlive/2016/texmf-dist/tex/latex/oberdiek/epstopdf-base.sty
Package: epstopdf-base 2016/05/15 v2.6 Base part for package epstopdf

(/usr/local/texlive/2016/texmf-dist/tex/latex/oberdiek/grfext.sty
Package: grfext 2016/05/16 v1.2 Manage graphics extensions (HO)
)
Package grfext Info: Graphics extension search list:
(grfext)             [.png,.pdf,.jpg,.mps,.jpeg,.jbig2,.jb2,.PNG,.PDF,.JPG,.JPE
G,.JBIG2,.JB2,.eps]
(grfext)             \AppendGraphicsExtensions on input line 456.

(/usr/local/texlive/2016/texmf-dist/tex/latex/latexconfig/epstopdf-sys.cfg
File: epstopdf-sys.cfg 2010/07/13 v1.3 Configuration of (r)epstopdf for TeX Liv
e
))
<quantum_espresso.pdf, id=200, 532.99126pt x 181.67876pt>
File: quantum_espresso.pdf Graphic file (type pdf)

<use quantum_espresso.pdf>
Package pdftex.def Info: quantum_espresso.pdf used on input line 34.
(pdftex.def)             Requested size: 142.26378pt x 48.49115pt.
LaTeX Font Info:    External font `cmex10' loaded for size
(Font)              <14.4> on input line 34.
LaTeX Font Info:    External font `cmex10' loaded for size
(Font)              <7> on input line 34.
 (./developer_man.toc
LaTeX Font Info:    External font `cmex10' loaded for size
(Font)              <12> on input line 2.
LaTeX Font Info:    External font `cmex10' loaded for size
(Font)              <8> on input line 2.
LaTeX Font Info:    External font `cmex10' loaded for size
(Font)              <6> on input line 2.
 [1

{/usr/local/texlive/2016/texmf-var/fonts/map/pdftex/updmap/pdftex.map} <./quant
um_espresso.pdf>])
\tf@toc=\write4
\openout4 = `developer_man.toc'.

 [2]
LaTeX Font Info:    Try loading font information for OMS+cmr on input line 45.

(/usr/local/texlive/2016/texmf-dist/tex/latex/base/omscmr.fd
File: omscmr.fd 2014/09/29 v2.5h Standard LaTeX font definitions
)
LaTeX Font Info:    Font shape `OMS/cmr/m/n' in size <12> not available
(Font)              Font shape `OMS/cmsy/m/n' tried instead on input line 45.
 [3] [4]
LaTeX Font Info:    Font shape `OT1/cmtt/bx/n' in size <14.4> not available
(Font)              Font shape `OT1/cmtt/m/n' tried instead on input line 152.
 [5]
Overfull \hbox (5.1202pt too wide) in paragraph at lines 269--276
[]\OT1/cmr/m/it/12 Notice: \OT1/cmr/m/n/12 the de-vel-op-ment model of \OT1/cmr
/m/sc/12 Quan-tum ESPRESSO \OT1/cmr/m/n/12 has un-der-gone sig-nif-i-cant chang
es
 []

[6]
Underfull \hbox (badness 10000) in paragraph at lines 293--298

 []


Underfull \hbox (badness 10000) in paragraph at lines 299--303

 []


Overfull \hbox (3.47255pt too wide) in paragraph at lines 327--331
\OT1/cmr/m/n/12 tic-u-lar, check (and up-date) the "Road Map" page \OT1/cmtt/m/
n/12 www.quantum-espresso.org/road-map\OT1/cmr/m/n/12 ,
 []

[7]
Overfull \hbox (11.75719pt too wide) in paragraph at lines 361--366
[]\OT1/cmr/m/n/12 If you add/modify/remove in-put vari-ables, doc-u-ment it in 
the ap-pro-pri-ate \OT1/cmtt/m/n/12 INPUT[]*.def
 []

[8]
Overfull \hbox (29.11542pt too wide) in paragraph at lines 464--469
\OT1/cmr/m/n/12 must be copied to di-rec-tory \OT1/cmtt/m/n/12 /var/www/quantum
[]wp[]db/wordpress-3.1.4/wp-content/uploads/Doc
 []

[9]
Overfull \hbox (0.73294pt too wide) in paragraph at lines 522--525
[]\OT1/cmtt/m/n/12 tests/ \OT1/cmr/m/n/12 con-tains au-to-mated post-installati
on tests (only in \OT1/cmtt/m/n/12 PW/ \OT1/cmr/m/n/12 and \OT1/cmtt/m/n/12 CPV
/\OT1/cmr/m/n/12 ) while \OT1/cmtt/m/n/12 examples/
 []

[10] [11]
Overfull \hbox (48.34207pt too wide) in paragraph at lines 609--613
\OT1/cmr/m/it/12 Target \OT1/cmtt/m/n/12 neb\OT1/cmr/m/it/12 : do all of the ab
ove, then go into di-rec-tory \OT1/cmtt/m/n/12 install/ \OT1/cmr/m/it/12 where 
\OT1/cmtt/m/n/12 make neb \OT1/cmr/m/it/12 us-ing \OT1/cmtt/m/n/12 plugins[]mak
efile
 []

[12]
Overfull \hbox (4.1284pt too wide) in paragraph at lines 675--675
[]\OT1/cmtt/m/n/12 QEMODS=../../Modules/libqemod.a ../../FFTXlib/libqefft.a ../
../LAXlib/libqela.a[] 
 []

[13] [14]
LaTeX Font Info:    Font shape `OT1/cmtt/bx/n' in size <12> not available
(Font)              Font shape `OT1/cmtt/m/n' tried instead on input line 804.
 [15] [16]
Overfull \hbox (37.42511pt too wide) in paragraph at lines 953--956
[]\OT1/cmr/m/n/12 - $mpif90 is the par-al-lel com-piler, if any; if no par-al-l
el com-piler is found or if \OT1/cmtt/m/n/12 --disable-parallel
 []

[17] [18] [19]
Overfull \hbox (35.00342pt too wide) in paragraph at lines 1119--1127
\OT1/cmtt/m/n/12 https://gcc.gnu.org/onlinedocs/gfortran/Interoperable-Subrouti
nes-and-Functions.html 
 []


Package hyperref Warning: Token not allowed in a PDF string (Unicode):
(hyperref)                removing `math shift' on input line 1146.


Package hyperref Warning: Token not allowed in a PDF string (Unicode):
(hyperref)                removing `math shift' on input line 1146.

[20]
Overfull \hbox (1.48471pt too wide) in paragraph at lines 1222--1227
\OT1/cmr/m/n/12 The two main pack-ages, \OT1/cmtt/m/n/12 PWscf \OT1/cmr/m/n/12 
and \OT1/cmtt/m/n/12 CP\OT1/cmr/m/n/12 , sup-port restart-ing from in-ter-rupte
d cal-cu-la-tions, Restart-
 []

[21] [22]
Overfull \hbox (13.25435pt too wide) in paragraph at lines 1333--1342
\OT1/cmr/m/n/12 wrap-per rou-tines, con-tained in \OT1/cmtt/m/n/12 espresso/Mod
ules/mp.f90 \OT1/cmr/m/n/12 and \OT1/cmtt/m/n/12 espresso/Modules/mp[]base.f90\
OT1/cmr/m/n/12 .
 []


Overfull \hbox (19.41873pt too wide) in paragraph at lines 1373--1378
\OT1/cmr/m/n/12 those in mod-ule \OT1/cmtt/m/n/12 mp.f90\OT1/cmr/m/n/12 . If th
is is not pos-si-ble or not con-ve-nient, use []\OT1/cmtt/m/n/12 \#if defined (
__MPI)}
 []


Overfull \hbox (47.71109pt too wide) in paragraph at lines 1378--1382
\OT1/cmr/m/n/12 them. Keep the dif-fer-ence be-tween se-rial and par-al-lel cod
e to a min-i-mum: []\OT1/cmtt/m/n/12 \#if defined (__MPI)}
 []

[23]
Overfull \hbox (26.70381pt too wide) in paragraph at lines 1422--1428
[]\OT1/cmtt/m/n/12 mp[]bands.f90 \OT1/cmr/m/n/12 is the mod-ule con-tain-ing in
-for-ma-tion about band par-al-leliza-tion. \OT1/cmtt/m/n/12 intra[]bgrp[]comm
 []

[24] [25]
Underfull \hbox (badness 10000) in paragraph at lines 1561--1563

 []


Overfull \hbox (0.39813pt too wide) in paragraph at lines 1564--1571
[]\OT1/cmr/m/n/12 The "restart file" is ac-tu-ally a "restart di-rec-tory", con
-tain-ing sev-eral files and sub-directories.
 []


Overfull \hbox (16.47841pt too wide) in paragraph at lines 1592--1592
[]                       \OT1/cmtt/m/n/12 - general information that doesn't re
quire large data set:[] 
 []


Overfull \hbox (22.65341pt too wide) in paragraph at lines 1592--1592
[]                       \OT1/cmtt/m/n/12 - pointers to other files or director
ies containing bulkier[] 
 []


Overfull \hbox (35.00342pt too wide) in paragraph at lines 1592--1592
[]                         \OT1/cmtt/m/n/12 data: grids, wavefunctions, charge 
density, potentials, ...[] 
 []

[26]
Overfull \hbox (4.1284pt too wide) in paragraph at lines 1592--1592
[]\OT1/cmtt/m/n/12 spin_polarization.dat  contains the spin polarization (rhoup
-rhodw) (LSDA case)[] 
 []

[27]
Overfull \hbox (4.1284pt too wide) in paragraph at lines 1981--1981
[]  \OT1/cmtt/m/n/12 - <MAGNETIZATION_INIT>     (info about starting or constra
ined magnetization)[] 
 []

[28]
Overfull \hbox (28.82841pt too wide) in paragraph at lines 1981--1981
[]     \OT1/cmtt/m/n/12 <PP_CHECK_FLAG>    (whether file is complete and suitab
le for post-processing)[] 
 []


Overfull \hbox (35.00342pt too wide) in paragraph at lines 1981--1981
[]     \OT1/cmtt/m/n/12 <BETA_REAL_SPACE>  (whether projectors are used in real
 space, not implemented)[] 
 []

[29] [30] [31] [32] [33]
Overfull \hbox (16.47841pt too wide) in paragraph at lines 1981--1981
[]                \OT1/cmtt/m/n/12 <WFCM.$s>                link to file "./K$n
/evcm.dat" (optional)[] 
 []

[34]
Overfull \hbox (28.82841pt too wide) in paragraph at lines 1981--1981
[]                                         \OT1/cmtt/m/n/12 containing wavefunc
tions at preceding step[] 
 []


Overfull \hbox (1.46346pt too wide) in paragraph at lines 1992--1996
[][]\OT1/cmr/m/n/12 MPI, [][]LINUX, ... Use pre-pro-cess-ing syn-tax []\OT1/cmt
t/m/n/12 #if defined (XXX)\OT1/cmr/m/n/12 , not []\OT1/cmtt/m/n/12 #if defined 
XXX
 []

[35] [36] [37]
Overfull \hbox (547.52867pt too wide) in paragraph at lines 2181--2181
[]\OT1/cmtt/m/n/12 svn cp svn+ssh://myusername@qeforge.qe-forge.org/svnroot/q-e
/trunk/espresso/DIR1/file.1 svn+ssh://myusername@qeforge.qe-forge.org/svnroot/q
-e/trunk/espresso/DIR2/file2[] 
 []

[38] [39]
Overfull \hbox (352.25925pt too wide) in paragraph at lines 2311--2315
\OT1/cmr/m/n/12 easy or com-plex, de-pend-ing upon the type of con-flicts. See:
 \OT1/cmtt/m/n/12 https://help.github.com/articles/resolving-a-merge-conflict-f
rom-the-command-line/ 
 []


Package hyperref Warning: Token not allowed in a PDF string (Unicode):
(hyperref)                \kern 1.95836pt
(hyperref)                removed on input line 2338.

[40]
Overfull \hbox (27.3281pt too wide) in paragraph at lines 2373--2373
 []\OT1/cmtt/m/n/12 cp test.out.030117.inp=CH4.pw-in.args=1 benchmark.out.SVN.i
np=CH4.pw-in.args=1[] 
 []

[41]
Package atveryend Info: Empty hook `BeforeClearDocument' on input line 2423.
 [42]
Package atveryend Info: Empty hook `AfterLastShipout' on input line 2423.
 (./developer_man.aux)
Package atveryend Info: Executing hook `AtVeryEndDocument' on input line 2423.
Package atveryend Info: Executing hook `AtEndAfterFileList' on input line 2423.

Package rerunfilecheck Info: File `developer_man.out' has not changed.
(rerunfilecheck)             Checksum: A494B29824E73D5850C6278A7E2151AB;9527.


LaTeX Warning: Label(s) may have changed. Rerun to get cross-references right.

Package atveryend Info: Empty hook `AtVeryVeryEnd' on input line 2423.
 ) 
Here is how much of TeX's memory you used:
 8737 strings out of 493014
 121995 string characters out of 6133351
 189873 words of memory out of 5000000
 12133 multiletter control sequences out of 15000+600000
 12496 words of font info for 44 fonts, out of 8000000 for 9000
 1141 hyphenation exceptions out of 8191
 29i,6n,31p,653b,525s stack positions out of 5000i,500n,10000p,200000b,80000s
</usr/local/texlive/2016/texmf-dist/fonts/type1/public/amsfonts/cm/cmbx12.pfb
></usr/local/texlive/2016/texmf-dist/fonts/type1/public/amsfonts/cm/cmbx8.pfb><
/usr/local/texlive/2016/texmf-dist/fonts/type1/public/amsfonts/cm/cmbxti10.pfb>
</usr/local/texlive/2016/texmf-dist/fonts/type1/public/amsfonts/cm/cmcsc10.pfb>
</usr/local/texlive/2016/texmf-dist/fonts/type1/public/amsfonts/cm/cmex10.pfb><
/usr/local/texlive/2016/texmf-dist/fonts/type1/public/amsfonts/cm/cmitt10.pfb><
/usr/local/texlive/2016/texmf-dist/fonts/type1/public/amsfonts/cm/cmmi12.pfb></
usr/local/texlive/2016/texmf-dist/fonts/type1/public/amsfonts/cm/cmmi8.pfb></us
r/local/texlive/2016/texmf-dist/fonts/type1/public/amsfonts/cm/cmr12.pfb></usr/
local/texlive/2016/texmf-dist/fonts/type1/public/amsfonts/cm/cmr17.pfb></usr/lo
cal/texlive/2016/texmf-dist/fonts/type1/public/amsfonts/cm/cmr6.pfb></usr/local
/texlive/2016/texmf-dist/fonts/type1/public/amsfonts/cm/cmr8.pfb></usr/local/te
xlive/2016/texmf-dist/fonts/type1/public/amsfonts/cm/cmsl12.pfb></usr/local/tex
live/2016/texmf-dist/fonts/type1/public/amsfonts/cm/cmsy10.pfb></usr/local/texl
ive/2016/texmf-dist/fonts/type1/public/amsfonts/cm/cmsy6.pfb></usr/local/texliv
e/2016/texmf-dist/fonts/type1/public/amsfonts/cm/cmsy8.pfb></usr/local/texlive/
2016/texmf-dist/fonts/type1/public/amsfonts/cm/cmti12.pfb></usr/local/texlive/2
016/texmf-dist/fonts/type1/public/amsfonts/cm/cmtt12.pfb>
Output written on developer_man.pdf (42 pages, 345243 bytes).
PDF statistics:
 575 PDF objects out of 1000 (max. 8388607)
 504 compressed objects within 6 object streams
 116 named destinations out of 1000 (max. 500000)
 398 words of extra memory for PDF output out of 10000 (max. 10000000)

