
     Program LD1 v.6.1 starts on 17May2017 at 20: 2:21 

     This program is part of the open-source Quantum ESPRESSO suite
     for quantum simulation of materials; please cite
         "P. Giannozzi et al., J. Phys.:Condens. Matter 21 395502 (2009);
          URL http://www.quantum-espresso.org", 
     in publications or presentations arising from this work. More details at
     http://www.quantum-espresso.org/quote

     Parallel version (MPI), running on     1 processors
     Waiting for input...
     Reading input from standard input
           1           1  0.96213522040721022     
           1           2   2.7853658124679610E-002
           1           3   1.0011121468109885E-002
           2           1   2.7853658124679610E-002
           2           2  0.57109673289178053     
           2           3  0.40104960898354186     
           3           1   3.0033364404329656E-002
           3           2   1.2031488269506256     
           3           3   1.7668178086450446     
           1           1  0.96899763760640589     
           1           2   3.1002362393593157E-002
           2           1   3.1002362393593157E-002
           2           2  0.96899763760640878     
           1  -5.3908258665592523                1
           2 -0.73195770962713258                1
           3 -0.48654592787765699                1
           4  -5.3877967509916047                2
           5 -0.64478345444223462                2
           6   0.0000000000000000                2
           1           1  0.94631260468022593     
           1           2   3.3759642719033929E-002
           1           3   1.9927752600741332E-002
           2           1   3.3759642719033929E-002
           2           2  0.54144709137132951     
           2           3  0.42479326590963823     
           3           1   5.9783257802223995E-002
           3           2   1.2743797977289146     
           3           3   1.6658369444688614     
           1           1  0.96001701513273219     
           1           2   3.9982984867271108E-002
           2           1   3.9982984867271108E-002
           2           2  0.96001701513273008     
           1  -5.5143627586570760                1
           2 -0.87331727718701313                1
           3 -0.61985678363701202                1
           4  -5.5080479626620926                2
           5 -0.76467135339541992                2
           6   0.0000000000000000                2
           1           1  0.88920318912885232     
           1           2   4.5870953155212703E-002
           1           3   6.4925857715933968E-002
           2           1   4.5870953155212703E-002
           2           2  0.49048314477781996     
           2           3  0.46364590206696515     
           3           1  0.19477757314780192     
           3           2   1.3909377062008954     
           3           3   1.4142847206512956     
           1           1  0.93672142799475921     
           1           2   6.3278572005244560E-002
           2           1   6.3278572005244560E-002
           2           2  0.93672142799475500     
           1  -5.9107766739203385                1
           2  -1.2807793157484895                1
           3  -1.1865770074339941                1
           4  -5.8760826393983070                2
           5  -1.0977982947348028                2
           6   0.0000000000000000                2
           1           1  0.90026948638642934     
           1           2   4.4257725826047360E-002
           1           3   5.5472787787521911E-002
           2           1   4.4257725826047360E-002
           2           2  0.49347408476822879     
           2           3  0.46226818940572278     
           3           1  0.16641836336256574     
           3           2   1.3868045682171684     
           3           3   1.4467770684202628     
           1           1  0.94301862234240241     
           1           2   5.6981377657598052E-002
           2           1   5.6981377657598052E-002
           2           2  0.94301862234240352     
           1  -5.8867555561816323                1
           2  -1.2239836228220449                1
           3  -1.0821559353842916                1
           4  -5.8692126966065832                2
           5  -1.0203336446762612                2
           6   0.0000000000000000                2
           1           1  0.90451862926650506     
           1           2   4.3623538005702248E-002
           1           3   5.1857832727795206E-002
           2           1   4.3623538005702248E-002
           2           2  0.49552665349100955     
           2           3  0.46084980850328755     
           3           1  0.15557349818338562     
           3           2   1.3825494255098627     
           3           3   1.4618770763067486     
           1           1  0.94545863119026863     
           1           2   5.4541368809731337E-002
           2           1   5.4541368809731337E-002
           2           2  0.94545863119026741     
           1  -5.8722539747449449                1
           2  -1.1994844113343723                1
           3  -1.0395655190524788                1
           4  -5.8597124748097862                2
           5 -0.98762852346634167                2
           6   0.0000000000000000                2
           1           1  0.90431219853723088     
           1           2   4.3670789001600395E-002
           1           3   5.2017012461170131E-002
           2           1   4.3670789001600395E-002
           2           2  0.49542102641506514     
           2           3  0.46090818458333521     
           3           1  0.15605103738351039     
           3           2   1.3827245537500057     
           3           3   1.4612244088664830     
           1           1  0.94539439171885153     
           1           2   5.4605608281150533E-002
           2           1   5.4605608281150533E-002
           2           2  0.94539439171884598     
           1  -5.8725725070746959                1
           2  -1.2008943341733900                1
           3  -1.0416255813349069                1
           4  -5.8594244319786011                2
           5 -0.98820823082208320                2
           6   0.0000000000000000                2
           1           1  0.90381776472624098     
           1           2   4.3798105627809558E-002
           1           3   5.2384129645948158E-002
           2           1   4.3798105627809558E-002
           2           2  0.49517506964108160     
           2           3  0.46102682473110729     
           3           1  0.15715238893784447     
           3           2   1.3830804741933218     
           3           3   1.4597671368688336     
           1           1  0.94530423063615843     
           1           2   5.4695769363840206E-002
           2           1   5.4695769363840206E-002
           2           2  0.94530423063616065     
           1  -5.8730303932540915                1
           2  -1.2044565628122579                1
           3  -1.0465634220033118                1
           4  -5.8580471622191412                2
           5 -0.98848914310332370                2
           6   0.0000000000000000                2
           1           1  0.90377730154955704     
           1           2   4.3808159099777991E-002
           1           3   5.2414539350668893E-002
           2           1   4.3808159099777991E-002
           2           2  0.49515368789806619     
           2           3  0.46103815300215539     
           3           1  0.15724361805200668     
           3           2   1.3831144590064661     
           3           3   1.4596419229415336     
           1           1  0.94531010432875284     
           1           2   5.4689895671244285E-002
           2           1   5.4689895671244285E-002
           2           2  0.94531010432875506     
           1  -5.8730964482750343                1
           2  -1.2047508386187202                1
           3  -1.0469814056846112                1
           4  -5.8579145962003905                2
           5 -0.98834604153302574                2
           6   0.0000000000000000                2
           1           1  0.90370021426266300     
           1           2   4.3825373700995977E-002
           1           3   5.2474412036339103E-002
           2           1   4.3825373700995977E-002
           2           2  0.49510861365950598     
           2           3  0.46106601263949692     
           3           1  0.15742323610901732     
           3           2   1.3831980379184907     
           3           3   1.4593787259724920     
           1           1  0.94535400352174948     
           1           2   5.4645996478245480E-002
           2           1   5.4645996478245480E-002
           2           2  0.94535400352175480     
           1  -5.8733208700863830                1
           2  -1.2053039598816933                1
           3  -1.0478137282311599                1
           4  -5.8576608516872213                2
           5 -0.98769009244413586                2
           6   0.0000000000000000                2
           1           1  0.90368909802279374     
           1           2   4.3827290816790182E-002
           1           3   5.2483611160413703E-002
           2           1   4.3827290816790182E-002
           2           2  0.49510191119631614     
           2           3  0.46107079798689404     
           3           1  0.15745083348124111     
           3           2   1.3832123939606822     
           3           3   1.4593367725580786     
           1           1  0.94535486322713580     
           1           2   5.4645136772863853E-002
           2           1   5.4645136772863853E-002
           2           2  0.94535486322713391     
           1  -5.8733599976038979                1
           2  -1.2053725449613955                1
           3  -1.0479306528334729                1
           4  -5.8576656543207184                2
           5 -0.98768286388321969                2
           6   0.0000000000000000                2
           1           1  0.90367171296709270     
           1           2   4.3830625569016984E-002
           1           3   5.2497661463893293E-002
           2           1   4.3830625569016984E-002
           2           2  0.49509197556026946     
           2           3  0.46107739887071464     
           3           1  0.15749298439167989     
           3           2   1.3832321966121439     
           3           3   1.4592748189961768     
           1           1  0.94535265268986035     
           1           2   5.4647347310133966E-002
           2           1   5.4647347310133966E-002
           2           2  0.94535265268986624     
           1  -5.8734057525587522                1
           2  -1.2054813096203745                1
           3  -1.0481085952760785                1
           4  -5.8576684535383459                2
           5 -0.98771116675126580                2
           6   0.0000000000000000                2
           1           1  0.90366607111733632     
           1           2   4.3832032316375849E-002
           1           3   5.2501896566286232E-002
           2           1   4.3832032316375849E-002
           2           2  0.49508915649716290     
           2           3  0.46107881118646105     
           3           1  0.15750568969885870     
           3           2   1.3832364335593832     
           3           3   1.4592578767417581     
           1           1  0.94535016348905032     
           1           2   5.4649836510950220E-002
           2           1   5.4649836510950220E-002
           2           2  0.94535016348905232     
           1  -5.8734080985783264                1
           2  -1.2055190464550265                1
           3  -1.0481630810329288                1
           4  -5.8576601647753233                2
           5 -0.98773654733011718                2
           6   0.0000000000000000                2
           1           1  0.90366285472378871     
           1           2   4.3832882775718028E-002
           1           3   5.2504262500491276E-002
           2           1   4.3832882775718028E-002
           2           2  0.49508755600049997     
           2           3  0.46107956122378096     
           3           1  0.15751278750147382     
           3           2   1.3832386836713428     
           3           3   1.4592485288271884     
           1           1  0.94534915955064869     
           1           2   5.4650840449347836E-002
           2           1   5.4650840449347836E-002
           2           2  0.94534915955065135     
           1  -5.8734084543570937                1
           2  -1.2055412357432687                1
           3  -1.0481942078812596                1
           4  -5.8576523141288632                2
           5 -0.98774454030804892                2
           6   0.0000000000000000                2
           1           1  0.90365707126593586     
           1           2   4.3834514110312917E-002
           1           3   5.2508414623750582E-002
           2           1   4.3834514110312917E-002
           2           2  0.49508459649808534     
           2           3  0.46108088939160163     
           3           1  0.15752524387125175     
           3           2   1.3832426681748049     
           3           3   1.4592320879539384     
           1           1  0.94534930345086188     
           1           2   5.4650696549137630E-002
           2           1   5.4650696549137630E-002
           2           2  0.94534930345086388     
           1  -5.8734085141064263                1
           2  -1.2055829942718359                1
           3  -1.0482511825131897                1
           4  -5.8576292995926877                2
           5 -0.98773142933581781                2
           6   0.0000000000000000                2
           1           1  0.90365544160259492     
           1           2   4.3834911850269033E-002
           1           3   5.2509646547134921E-002
           2           1   4.3834911850269033E-002
           2           2  0.49508367523034724     
           2           3  0.46108141291938365     
           3           1  0.15752893964140477     
           3           2   1.3832442387581509     
           3           3   1.4592268216004414     
           1           1  0.94534965592689690     
           1           2   5.4650344073100487E-002
           2           1   5.4650344073100487E-002
           2           2  0.94534965592690134     
           1  -5.8734109407924233                1
           2  -1.2055942019020480                1
           3  -1.0482678217737431                1
           4  -5.8576251284089418                2
           5 -0.98772524513551052                2
           6   0.0000000000000000                2
           1           1  0.90365229134236313     
           1           2   4.3835620760629926E-002
           1           3   5.2512087897007627E-002
           2           1   4.3835620760629926E-002
           2           2  0.49508181783702648     
           2           3  0.46108256140234549     
           3           1  0.15753626369102289     
           3           2   1.3832476842070365     
           3           3   1.4592160521019344     
           1           1  0.94535044342108221     
           1           2   5.4649556578913204E-002
           2           1   5.4649556578913204E-002
           2           2  0.94535044342108732     
           1  -5.8734176252377264                1
           2  -1.2056151468200391                1
           3  -1.0483003480762494                1
           4  -5.8576199842831702                2
           5 -0.98771358295916489                2
           6   0.0000000000000000                2
           1           1  0.90365184215630023     
           1           2   4.3835728873895058E-002
           1           3   5.2512428969807956E-002
           2           1   4.3835728873895058E-002
           2           2  0.49508156303504197     
           2           3  0.46108270809106111     
           3           1  0.15753728690942387     
           3           2   1.3832481242731833     
           3           3   1.4592145888173971     
           1           1  0.94535043278176656     
           1           2   5.4649567218235419E-002
           2           1   5.4649567218235419E-002
           2           2  0.94535043278176289     
           1  -5.8734181214882533                1
           2  -1.2056180756530166                1
           3  -1.0483048066850595                1
           4  -5.8576193898488658                2
           5 -0.98771347965552436                2
           6   0.0000000000000000                2
           1           1  0.90365119565852325     
           1           2   4.3835892241295658E-002
           1           3   5.2512912100182392E-002
           2           1   4.3835892241295658E-002
           2           2  0.49508120013746576     
           2           3  0.46108290762124110     
           3           1  0.15753873630054718     
           3           2   1.3832487228637234     
           3           3   1.4592125408357342     
           1           1  0.94535037734161553     
           1           2   5.4649622658381060E-002
           2           1   5.4649622658381060E-002
           2           2  0.94535037734161842     
           1  -5.8734184631657582                1
           2  -1.2056222706825075                1
           3  -1.0483111012497186                1
           4  -5.8576184612511399                2
           5 -0.98771380589140945                2
           6   0.0000000000000000                2
           1           1  0.90365114315331396     
           1           2   4.3835911287834026E-002
           1           3   5.2512945558849604E-002
           2           1   4.3835911287834026E-002
           2           2  0.49508117090187281     
           2           3  0.46108291781029359     
           3           1  0.15753883667654880     
           3           2   1.3832487534308808     
           3           3   1.4592124098925621     
           1           1  0.94535037962699187     
           1           2   5.4649620373008419E-002
           2           1   5.4649620373008419E-002
           2           2  0.94535037962699298     
           1  -5.8734182655258049                1
           2  -1.2056226128957024                1
           3  -1.0483115493275912                1
           4  -5.8576182483097945                2
           5 -0.98771370770775779                2
           6   0.0000000000000000                2
           1           1  0.90365110393989723     
           1           2   4.3835928535519514E-002
           1           3   5.2512967524580401E-002
           2           1   4.3835928535519514E-002
           2           2  0.49508114785332041     
           2           3  0.46108292361116038     
           3           1  0.15753890257374120     
           3           2   1.3832487708334811     
           3           3   1.4592123265927688     
           1           1  0.94535040575550500     
           1           2   5.4649594244493178E-002
           2           1   5.4649594244493178E-002
           2           2  0.94535040575550755     
           1  -5.8734180322010010                1
           2  -1.2056228787881536                1
           3  -1.0483118661965258                1
           4  -5.8576179766800385                2
           5 -0.98771329786298612                2
           6   0.0000000000000000                2
           1           1  0.90365108062773858     
           1           2   4.3835937297625541E-002
           1           3   5.2512982074630947E-002
           2           1   4.3835937297625541E-002
           2           2  0.49508113079094102     
           2           3  0.46108293191143096     
           3           1  0.15753894622389283     
           3           2   1.3832487957342929     
           3           3   1.4592122580418150     
           1           1  0.94535047041757081     
           1           2   5.4649529582427053E-002
           2           1   5.4649529582427053E-002
           2           2  0.94535047041757325     
           1  -5.8734180329012480                1
           2  -1.2056230601244691                1
           3  -1.0483121086113996                1
           4  -5.8576177583407114                2
           5 -0.98771242686338634                2
           6   0.0000000000000000                2
           1           1  0.90365102138188091     
           1           2   4.3835952440987376E-002
           1           3   5.2513026177131238E-002
           2           1   4.3835952440987376E-002
           2           2  0.49508109488774543     
           2           3  0.46108295267126992     
           3           1  0.15753907853139371     
           3           2   1.3832488580138098     
           3           3   1.4592120634548014     
           1           1  0.94535050514561170     
           1           2   5.4649494854385368E-002
           2           1   5.4649494854385368E-002
           2           2  0.94535050514561558     
           1  -5.8734181236309322                1
           2  -1.2056234640156702                1
           3  -1.0483127142623949                1
           4  -5.8576176013009738                2
           5 -0.98771194083656377                2
           6   0.0000000000000000                2
           1           1  0.90365088148204253     
           1           2   4.3835986517702277E-002
           1           3   5.2513132000253954E-002
           2           1   4.3835986517702277E-002
           2           2  0.49508101256245379     
           2           3  0.46108300091984405     
           3           1  0.15753939600076186     
           3           2   1.3832490027595321     
           3           3   1.4592116012397085     
           1           1  0.94535054372084071     
           1           2   5.4649456279160152E-002
           2           1   5.4649456279160152E-002
           2           2  0.94535054372084093     
           1  -5.8734183395300619                1
           2  -1.2056243999655893                1
           3  -1.0483141346506260                1
           4  -5.8576173441107429                2
           5 -0.98771136635356882                2
           6   0.0000000000000000                2
           1           1  0.90365086833519392     
           1           2   4.3835990076566522E-002
           1           3   5.2513141588238714E-002
           2           1   4.3835990076566522E-002
           2           2  0.49508100497779406     
           2           3  0.46108300494563670     
           3           1  0.15753942476471613     
           3           2   1.3832490148369101     
           3           3   1.4592115603983766     
           1           1  0.94535054417727460     
           1           2   5.4649455822722820E-002
           2           1   5.4649455822722820E-002
           2           2  0.94535054417727871     
           1  -5.8734183410089393                1
           2  -1.2056244876454363                1
           3  -1.0483142632638345                1
           4  -5.8576173146914092                2
           5 -0.98771135019130085                2
           6   0.0000000000000000                2
           1           1  0.90365084415947017     
           1           2   4.3835997375007991E-002
           1           3   5.2513158465523645E-002
           2           1   4.3835997375007991E-002
           2           2  0.49508099119606175     
           2           3  0.46108301142893038     
           3           1  0.15753947539657093     
           3           2   1.3832490342867911     
           3           3   1.4592114903166478     
           1           1  0.94535054151647890     
           1           2   5.4649458483522539E-002
           2           1   5.4649458483522539E-002
           2           2  0.94535054151647435     
           1  -5.8734183092273771                1
           2  -1.2056246495902272                1
           3  -1.0483144913914573                1
           4  -5.8576172444236940                2
           5 -0.98771135894009865                2
           6   0.0000000000000000                2
           1           1  0.90365084619850955     
           1           2   4.3835997067421688E-002
           1           3   5.2513156734067860E-002
           2           1   4.3835997067421688E-002
           2           2  0.49508099235634528     
           2           3  0.46108301057623308     
           3           1  0.15753947020220357     
           3           2   1.3832490317286992     
           3           3   1.4592114980691004     
           1           1  0.94535054197539270     
           1           2   5.4649458024601631E-002
           2           1   5.4649458024601631E-002
           2           2  0.94535054197539703     
           1  -5.8734183005485567                1
           2  -1.2056246368816319                1
           3  -1.0483144696690967                1
           4  -5.8576172411590326                2
           5 -0.98771135227890261                2
           6   0.0000000000000000                2
           1           1  0.90365084931899642     
           1           2   4.3835996438279123E-002
           1           3   5.2513154242724423E-002
           2           1   4.3835996438279123E-002
           2           2  0.49508099410606132     
           2           3  0.46108300945565944     
           3           1  0.15753946272817326     
           3           2   1.3832490283669783     
           3           3   1.4592115089048512     
           1           1  0.94535054336284641     
           1           2   5.4649456637153426E-002
           2           1   5.4649456637153426E-002
           2           2  0.94535054336284940     
           1  -5.8734182946461981                1
           2  -1.2056246172993614                1
           3  -1.0483144381535190                1
           4  -5.8576172399327024                2
           5 -0.98771133469185746                2
           6   0.0000000000000000                2
           1           1  0.90365084961738618     
           1           2   4.3835996322217685E-002
           1           3   5.2513154060397589E-002
           2           1   4.3835996322217685E-002
           2           2  0.49508099422412910     
           2           3  0.46108300945365577     
           3           1  0.15753946218119277     
           3           2   1.3832490283609673     
           3           3   1.4592115094578384     
           1           1  0.94535054483167724     
           1           2   5.4649455168322730E-002
           2           1   5.4649455168322730E-002
           2           2  0.94535054483167436     
           1  -5.8734182987424708                1
           2  -1.2056246158719344                1
           3  -1.0483144363873529                1
           4  -5.8576172398420709                2
           5 -0.98771131621830155                2
           6   0.0000000000000000                2
 F
 error           0
     --------------------------- All-electron run ----------------------------

     B                                                                          

     atomic number is  5.00
     dft =KLI   lsd =1 sic =0 latt =0  beta=0.20 tr2=1.0E-14
     Exchange-correlation      = KLI (10  0  0  0 0 0)
     mesh =2183 r(mesh) =   9.97979 a.u. xmin = -7.00 dx = 0.00500
     1 Ry =  13.60569193 eV

     n l     nl                  e(Ry)          e(Ha)          e(eV)
     1 0     1S 1( 1.00)       -13.7930        -6.8965      -187.6637
     2 0     2S 1( 1.00)        -1.0559        -0.5280       -14.3664
     2 1     2P 1( 1.00)        -0.6191        -0.3096        -8.4239
     1 0     1S 2( 1.00)       -13.9286        -6.9643      -189.5087
     2 0     2S 2( 1.00)        -0.8906        -0.4453       -12.1170
     2 1     2P 2( 0.00)        -0.4743        -0.2372        -6.4536

     final scf error:  9.2E-15 reached in  28 iterations

     Etot =     -49.056270 Ry,     -24.528135 Ha,    -667.444497 eV
     Total magnetization:    1.00 Bohr mag. 

     Ekin =      49.094840 Ry,      24.547420 Ha,     667.969262 eV
     Encl =    -113.851708 Ry,     -56.925854 Ha,   -1549.031269 eV
     Eh   =      23.186942 Ry,      11.593471 Ha,     315.474386 eV
     Exc  =      -7.486343 Ry,      -3.743171 Ha,    -101.856876 eV


     normalization and overlap integrals

     s(1S/1S) =  1.000000  <r> =   0.3280  <r2> =    0.1459  r(max) =   0.2113
     s(1S/2S) = -0.000000
     s(2S/2S) =  1.000000  <r> =   1.9388  <r2> =    4.5097  r(max) =   1.5152
     s(2P/2P) =  1.000000  <r> =   2.2069  <r2> =    6.1749  r(max) =   1.5850
     s(1S/1S) =  1.000000  <r> =   0.3265  <r2> =    0.1442  r(max) =   0.2113
     s(1S/2S) = -0.000000
     s(2S/2S) =  1.000000  <r> =   2.0075  <r2> =    4.8842  r(max) =   1.5381
     s(2P/2P) =  1.000000  <r> =   2.4249  <r2> =    7.6258  r(max) =   1.6414

     ------------------------ End of All-electron run ------------------------

