
     Program LD1 v.6.1 starts on 28Jun2017 at 15:52:21 

     This program is part of the open-source Quantum ESPRESSO suite
     for quantum simulation of materials; please cite
         "P. Giannozzi et al., J. Phys.:Condens. Matter 21 395502 (2009);
          URL http://www.quantum-espresso.org", 
     in publications or presentations arising from this work. More details at
     http://www.quantum-espresso.org/quote

     Parallel version (MPI), running on     1 processors
     Waiting for input...
     Reading input from standard input
 F
 error           0
     --------------------------- All-electron run ----------------------------

     Berilium                                                                   

     atomic number is  4.00
     dft =KLI   lsd =1 sic =0 latt =0  beta=0.20 tr2=1.0E-14
     Exchange-correlation      = KLI (10  0  0  0 0 0)
     mesh =2277 r(mesh) =  19.95951 a.u. xmin = -7.00 dx = 0.00500
     1 Ry =  13.60569193 eV

     n l     nl                  e(Ry)          e(Ha)          e(eV)
     1 0     1S 1( 1.00)        -8.3337        -4.1668      -113.3855
     2 0     2S 1( 1.00)        -0.6177        -0.3089        -8.4043
     1 0     1S 2( 1.00)        -8.3337        -4.1668      -113.3855
     2 0     2S 2( 1.00)        -0.6177        -0.3089        -8.4043

     final scf error:  1.7E-15 reached in  38 iterations

     Etot =     -29.144565 Ry,     -14.572282 Ha,    -396.531971 eV
     Total magnetization:    0.00 Bohr mag. 

     Ekin =      29.186968 Ry,      14.593484 Ha,     397.108888 eV
     Encl =     -67.325351 Ry,     -33.662676 Ha,    -916.007989 eV
     Eh   =      14.328198 Ry,       7.164099 Ha,     194.945043 eV
     Exc  =      -5.334379 Ry,      -2.667189 Ha,     -72.577914 eV


     normalization and overlap integrals

     s(1S/1S) =  1.000000  <r> =   0.4166  <r2> =    0.2357  r(max) =   0.2668
     s(1S/2S) = -0.000000
     s(2S/2S) =  1.000000  <r> =   2.6449  <r2> =    8.4154  r(max) =   2.0518
     s(1S/1S) =  1.000000  <r> =   0.4166  <r2> =    0.2357  r(max) =   0.2668
     s(1S/2S) = -0.000000
     s(2S/2S) =  1.000000  <r> =   2.6449  <r2> =    8.4154  r(max) =   2.0518

     ------------------------ End of All-electron run ------------------------

