
     Program LD1 v.6.1 starts on 28Jun2017 at 15:52:22 

     This program is part of the open-source Quantum ESPRESSO suite
     for quantum simulation of materials; please cite
         "P. Giannozzi et al., J. Phys.:Condens. Matter 21 395502 (2009);
          URL http://www.quantum-espresso.org", 
     in publications or presentations arising from this work. More details at
     http://www.quantum-espresso.org/quote

     Parallel version (MPI), running on     1 processors
     Waiting for input...
     Reading input from standard input
 F
 error           0
     --------------------------- All-electron run ----------------------------

     C                                                                          

     atomic number is  6.00
     dft =KLI   lsd =1 sic =0 latt =0  beta=0.20 tr2=1.0E-14
     Exchange-correlation      = KLI (10  0  0  0 0 0)
     mesh =2439 r(mesh) =  29.91143 a.u. xmin = -7.00 dx = 0.00500
     1 Ry =  13.60569193 eV

     n l     nl                  e(Ry)          e(Ha)          e(eV)
     1 0     1S 1( 1.00)       -20.5663       -10.2831      -279.8183
     2 0     2S 1( 1.00)        -1.5073        -0.7537       -20.5084
     2 1     2P 1( 2.00)        -0.8698        -0.4349       -11.8348
     1 0     1S 2( 1.00)       -20.8348       -10.4174      -283.4724
     2 0     2S 2( 1.00)        -1.1638        -0.5819       -15.8345
     2 1     2P 2( 0.00)        -0.5660        -0.2830        -7.7014

     final scf error:  2.1E-15 reached in  34 iterations

     Etot =     -75.377303 Ry,     -37.688651 Ha,   -1025.560362 eV
     Total magnetization:    2.00 Bohr mag. 

     Ekin =      75.385476 Ry,      37.692738 Ha,    1025.671566 eV
     Encl =    -176.313287 Ry,     -88.156643 Ha,   -2398.864261 eV
     Eh   =      35.641736 Ry,      17.820868 Ha,     484.930484 eV
     Exc  =     -10.091229 Ry,      -5.045614 Ha,    -137.298152 eV


     normalization and overlap integrals

     s(1S/1S) =  1.000000  <r> =   0.2706  <r2> =    0.0992  r(max) =   0.1743
     s(1S/2S) = -0.000000
     s(2S/2S) =  1.000000  <r> =   1.5499  <r2> =    2.8859  r(max) =   1.2132
     s(2P/2P) =  1.000000  <r> =   1.7039  <r2> =    3.7054  r(max) =   1.2071
     s(1S/1S) =  1.000000  <r> =   0.2685  <r2> =    0.0973  r(max) =   0.1743
     s(1S/2S) = -0.000000
     s(2S/2S) =  1.000000  <r> =   1.6417  <r2> =    3.2880  r(max) =   1.2377
     s(2P/2P) =  1.000000  <r> =   1.9932  <r2> =    5.2760  r(max) =   1.2754

     ------------------------ End of All-electron run ------------------------

