
     Program LD1 v.6.1 starts on 28Jun2017 at 15:52:24 

     This program is part of the open-source Quantum ESPRESSO suite
     for quantum simulation of materials; please cite
         "P. Giannozzi et al., J. Phys.:Condens. Matter 21 395502 (2009);
          URL http://www.quantum-espresso.org", 
     in publications or presentations arising from this work. More details at
     http://www.quantum-espresso.org/quote

     Parallel version (MPI), running on     1 processors
     Waiting for input...
     Reading input from standard input
 F
 error           0
     --------------------------- All-electron run ----------------------------

     Fluor                                                                      

     atomic number is  9.00
     dft =KLI   lsd =1 sic =0 latt =0  beta=0.20 tr2=1.0E-14
     Exchange-correlation      = KLI (10  0  0  0 0 0)
     mesh =2579 r(mesh) =  40.15614 a.u. xmin = -7.00 dx = 0.00500
     1 Ry =  13.60569193 eV

     n l     nl                  e(Ry)          e(Ha)          e(eV)
     1 0     1S 1( 1.00)       -49.3045       -24.6522      -670.8216
     2 0     2S 1( 1.00)        -2.9412        -1.4706       -40.0175
     2 1     2P 1( 3.00)        -1.5387        -0.7693       -20.9348
     1 0     1S 2( 1.00)       -49.3874       -24.6937      -671.9503
     2 0     2S 2( 1.00)        -2.7358        -1.3679       -37.2231
     2 1     2P 2( 2.00)        -1.3449        -0.6725       -18.2984

     final scf error:  7.2E-15 reached in  34 iterations

     Etot =    -198.817492 Ry,     -99.408746 Ha,   -2705.049545 eV
     Total magnetization:    1.00 Bohr mag. 

     Ekin =     198.622603 Ry,      99.311302 Ha,    2702.397947 eV
     Encl =    -477.170776 Ry,    -238.585388 Ha,   -6492.238571 eV
     Eh   =      99.727496 Ry,      49.863748 Ha,    1356.861588 eV
     Exc  =     -19.996815 Ry,      -9.998408 Ha,    -272.070509 eV


     normalization and overlap integrals

     s(1S/1S) =  1.000000  <r> =   0.1766  <r2> =    0.0421  r(max) =   0.1145
     s(1S/2S) = -0.000000
     s(2S/2S) =  1.000000  <r> =   0.9953  <r2> =    1.2000  r(max) =   0.7693
     s(2P/2P) =  1.000000  <r> =   1.0646  <r2> =    1.4813  r(max) =   0.7137
     s(1S/1S) =  1.000000  <r> =   0.1762  <r2> =    0.0419  r(max) =   0.1145
     s(1S/2S) = -0.000000
     s(2S/2S) =  1.000000  <r> =   1.0123  <r2> =    1.2464  r(max) =   0.7732
     s(2P/2P) =  1.000000  <r> =   1.1121  <r2> =    1.6362  r(max) =   0.7245

     ------------------------ End of All-electron run ------------------------

