
     Program LD1 v.6.1 starts on 17May2017 at 20: 2:19 

     This program is part of the open-source Quantum ESPRESSO suite
     for quantum simulation of materials; please cite
         "P. Giannozzi et al., J. Phys.:Condens. Matter 21 395502 (2009);
          URL http://www.quantum-espresso.org", 
     in publications or presentations arising from this work. More details at
     http://www.quantum-espresso.org/quote

     Parallel version (MPI), running on     1 processors
     Waiting for input...
     Reading input from standard input
           1           1  0.99999999999999778     
           1  -1.2500000001126308                1
           2   0.0000000000000000                2
           1           1  0.99999999999999778     
           1  -1.2500000001126308                1
           2   0.0000000000000000                2
           1           1  0.99999999999999634     
           1  -1.2500000001126184                1
           2   0.0000000000000000                2
 F
 error           0
     --------------------------- All-electron run ----------------------------

     H                                                                          

     atomic number is  1.00
     dft =KLI   lsd =1 sic =0 latt =0  beta=0.20 tr2=1.0E-14
     Exchange-correlation      = KLI (10  0  0  0 0 0)
     mesh =1251 r(mesh) =  20.08554 a.u. xmin = -7.00 dx = 0.00800
     1 Ry =  13.60569193 eV

     n l     nl                  e(Ry)          e(Ha)          e(eV)
     1 0     1S 1( 1.00)        -1.0000        -0.5000       -13.6057
     1 0     1S 2( 0.00)        -0.0000        -0.0000        -0.0000

     final scf error:  2.9E-26 reached in   3 iterations

     Etot =      -1.000000 Ry,      -0.500000 Ha,     -13.605692 eV
     Total magnetization:    1.00 Bohr mag. 

     Ekin =       1.000000 Ry,       0.500000 Ha,      13.605692 eV
     Encl =      -2.000000 Ry,      -1.000000 Ha,     -27.211384 eV
     Eh   =       0.625000 Ry,       0.312500 Ha,       8.503557 eV
     Exc  =      -0.625000 Ry,      -0.312500 Ha,      -8.503557 eV


     normalization and overlap integrals

     s(1S/1S) =  1.000000  <r> =   1.5000  <r2> =    3.0000  r(max) =   1.0000
     s(1S/1S) =  1.000000  <r> =  10.4466  <r2> =  140.1960  r(max) =   5.5400

     ------------------------ End of All-electron run ------------------------

