
     Program LD1 v.6.1 starts on 17May2017 at 20: 2:19 

     This program is part of the open-source Quantum ESPRESSO suite
     for quantum simulation of materials; please cite
         "P. Giannozzi et al., J. Phys.:Condens. Matter 21 395502 (2009);
          URL http://www.quantum-espresso.org", 
     in publications or presentations arising from this work. More details at
     http://www.quantum-espresso.org/quote

     Parallel version (MPI), running on     1 processors
     Waiting for input...
     Reading input from standard input
 F
 error           0
     --------------------------- All-electron run ----------------------------

     He                                                                         

     atomic number is  2.00
     dft =OEP   lsd =1 sic =0 latt =0  beta=0.20 tr2=1.0E-14
     Exchange-correlation      = OEP ( 4  0  0  0 0 0)
     EXX-fraction              =        1.00
     mesh =1387 r(mesh) =  29.81027 a.u. xmin = -7.00 dx = 0.00800
     1 Ry =  13.60569193 eV

     n l     nl                  e(Ry)          e(Ha)          e(eV)
     1 0     1S 1( 1.00)        -1.8359        -0.9180       -24.9788
     1 0     1S 2( 1.00)        -1.8359        -0.9180       -24.9788

     OEP WARNING: printed eigenvalues were shifted by
        spin 1   shift :         0.0000         0.0000         0.0000
        spin 2   shift :         0.0000         0.0000         0.0000

     final scf error:  1.9E-15 reached in  12 iterations

     Etot =      -5.723360 Ry,      -2.861680 Ha,     -77.870273 eV
     Total magnetization:    0.00 Bohr mag. 

     Ekin =       5.723360 Ry,       2.861680 Ha,      77.870273 eV
     Encl =     -13.498258 Ry,      -6.749129 Ha,    -183.653136 eV
     Eh   =       4.103075 Ry,       2.051538 Ha,      55.825181 eV
     Exc  =      -2.051538 Ry,      -1.025769 Ha,     -27.912590 eV


     normalization and overlap integrals

     s(1S/1S) =  1.000000  <r> =   0.9273  <r2> =    1.1848  r(max) =   0.5683
     s(1S/1S) =  1.000000  <r> =   0.9273  <r2> =    1.1848  r(max) =   0.5683

     ------------------------ End of All-electron run ------------------------

