
     Program LD1 v.6.1 starts on 28Jun2017 at 15:52:21 

     This program is part of the open-source Quantum ESPRESSO suite
     for quantum simulation of materials; please cite
         "P. Giannozzi et al., J. Phys.:Condens. Matter 21 395502 (2009);
          URL http://www.quantum-espresso.org", 
     in publications or presentations arising from this work. More details at
     http://www.quantum-espresso.org/quote

     Parallel version (MPI), running on     1 processors
     Waiting for input...
     Reading input from standard input
 F
 error           0
     --------------------------- All-electron run ----------------------------

     Li                                                                         

     atomic number is  3.00
     dft =KLI   lsd =1 sic =0 latt =0  beta=0.20 tr2=1.0E-14
     Exchange-correlation      = KLI (10  0  0  0 0 0)
     mesh =2081 r(mesh) =   9.98803 a.u. xmin = -7.00 dx = 0.00500
     1 Ry =  13.60569193 eV

     n l     nl                  e(Ry)          e(Ha)          e(eV)
     1 0     1S 1( 1.00)        -4.1630        -2.0815       -56.6399
     2 0     2S 1( 1.00)        -0.3926        -0.1963        -5.3417
     1 0     1S 2( 1.00)        -4.9339        -2.4670       -67.1296
     2 0     2S 2( 0.00)        -0.6049        -0.3024        -8.2299

     final scf error:  3.3E-15 reached in  42 iterations

     Etot =     -14.865126 Ry,      -7.432563 Ha,    -202.250326 eV
     Total magnetization:    1.00 Bohr mag. 

     Ekin =      14.875557 Ry,       7.437778 Ha,     202.392241 eV
     Encl =     -34.309656 Ry,     -17.154828 Ha,    -466.806609 eV
     Eh   =       8.131779 Ry,       4.065889 Ha,     110.638480 eV
     Exc  =      -3.562806 Ry,      -1.781403 Ha,     -48.474437 eV


     normalization and overlap integrals

     s(1S/1S) =  1.000000  <r> =   0.5742  <r2> =    0.4505  r(max) =   0.3629
     s(1S/2S) = -0.000000
     s(2S/2S) =  1.000000  <r> =   3.8512  <r2> =   17.4637  r(max) =   3.1000
     s(1S/1S) =  1.000000  <r> =   0.5745  <r2> =    0.4489  r(max) =   0.3647
     s(1S/2S) = -0.000000
     s(2S/2S) =  1.000000  <r> =   2.8737  <r2> =    9.7980  r(max) =   2.3429

     ------------------------ End of All-electron run ------------------------

