
     Program LD1 v.6.1 starts on 28Jun2017 at 15:52:26 

     This program is part of the open-source Quantum ESPRESSO suite
     for quantum simulation of materials; please cite
         "P. Giannozzi et al., J. Phys.:Condens. Matter 21 395502 (2009);
          URL http://www.quantum-espresso.org", 
     in publications or presentations arising from this work. More details at
     http://www.quantum-espresso.org/quote

     Parallel version (MPI), running on     1 processors
     Waiting for input...
     Reading input from standard input
 F
 error           0
     --------------------------- All-electron run ----------------------------

     Mg                                                                         

     atomic number is 12.00
     dft =KLI   lsd =1 sic =0 latt =0  beta=0.20 tr2=1.0E-14
     Exchange-correlation      = KLI (10  0  0  0 0 0)
     mesh =1647 r(mesh) =  39.76922 a.u. xmin = -7.00 dx = 0.00800
     1 Ry =  13.60569193 eV

     n l     nl                  e(Ry)          e(Ha)          e(eV)
     1 0     1S 1( 1.00)     -92.621727600     -46.310863800  -1260.1826918
     2 0     2S 1( 1.00)      -6.210799452      -3.105399726    -84.5022240
     2 1     2P 1( 3.00)      -3.762946005      -1.881473003    -51.1974841
     3 0     3S 1( 1.00)      -0.504822426      -0.252411213     -6.8684584
     1 0     1S 2( 1.00)     -92.621727600     -46.310863800  -1260.1826918
     2 0     2S 2( 1.00)      -6.210799452      -3.105399726    -84.5022240
     2 1     2P 2( 3.00)      -3.762946005      -1.881473003    -51.1974841
     3 0     3S 2( 1.00)      -0.504822426      -0.252411213     -6.8684584

     final scf error:  6.3E-16 reached in  85 iterations

     Etot =    -399.221428 Ry,    -199.610714 Ha,   -5431.683756 eV
     Total magnetization:    0.00 Bohr mag. 

     Ekin =     398.856914 Ry,     199.428457 Ha,    5426.724297 eV
     Encl =    -957.841556 Ry,    -478.920778 Ha,  -13032.097122 eV
     Eh   =     191.728468 Ry,      95.864234 Ha,    2608.598468 eV
     Exc  =     -31.965254 Ry,     -15.982627 Ha,    -434.909399 eV


     normalization and overlap integrals

     s(1S/1S) =  1.000000  <r> =   0.1309  <r2> =    0.0231  r(max) =   0.0854
     s(1S/2S) = -0.000000
     s(1S/3S) =  0.000000
     s(2S/2S) =  1.000000  <r> =   0.6957  <r2> =    0.5812  r(max) =   0.5505
     s(2S/3S) = -0.000000
     s(2P/2P) =  1.000000  <r> =   0.6847  <r2> =    0.5991  r(max) =   0.4844
     s(3S/3S) =  1.000000  <r> =   3.2395  <r2> =   12.3642  r(max) =   2.5782
     s(1S/1S) =  1.000000  <r> =   0.1309  <r2> =    0.0231  r(max) =   0.0854
     s(1S/2S) = -0.000000
     s(1S/3S) =  0.000000
     s(2S/2S) =  1.000000  <r> =   0.6957  <r2> =    0.5812  r(max) =   0.5505
     s(2S/3S) = -0.000000
     s(2P/2P) =  1.000000  <r> =   0.6847  <r2> =    0.5991  r(max) =   0.4844
     s(3S/3S) =  1.000000  <r> =   3.2395  <r2> =   12.3642  r(max) =   2.5782

     ------------------------ End of All-electron run ------------------------

