
     Program LD1 v.6.1 starts on 28Jun2017 at 15:52:23 

     This program is part of the open-source Quantum ESPRESSO suite
     for quantum simulation of materials; please cite
         "P. Giannozzi et al., J. Phys.:Condens. Matter 21 395502 (2009);
          URL http://www.quantum-espresso.org", 
     in publications or presentations arising from this work. More details at
     http://www.quantum-espresso.org/quote

     Parallel version (MPI), running on     1 processors
     Waiting for input...
     Reading input from standard input
 F
 error           0
     --------------------------- All-electron run ----------------------------

     N                                                                          

     atomic number is  7.00
     dft =KLI   lsd =1 sic =0 latt =0  beta=0.20 tr2=1.0E-14
     Exchange-correlation      = KLI (10  0  0  0 0 0)
     mesh =2471 r(mesh) =  30.08690 a.u. xmin = -7.00 dx = 0.00500
     1 Ry =  13.60569193 eV

     n l     nl                  e(Ry)          e(Ha)          e(eV)
     1 0     1S 1( 1.00)       -28.6783       -14.3391      -390.1878
     2 0     2S 1( 1.00)        -2.0073        -1.0036       -27.3102
     2 1     2P 1( 3.00)        -1.1409        -0.5705       -15.5232
     1 0     1S 2( 1.00)       -29.0707       -14.5353      -395.5264
     2 0     2S 2( 1.00)        -1.4500        -0.7250       -19.7281
     2 1     2P 2( 0.00)        -0.6429        -0.3215        -8.7473

     final scf error:  9.6E-16 reached in  37 iterations

     Etot =    -108.806082 Ry,     -54.403041 Ha,   -1480.382032 eV
     Total magnetization:    3.00 Bohr mag. 

     Ekin =     108.756602 Ry,      54.378301 Ha,    1479.708821 eV
     Encl =    -256.699261 Ry,    -128.349631 Ha,   -3492.571069 eV
     Eh   =      52.341710 Ry,      26.170855 Ha,     712.145184 eV
     Exc  =     -13.205133 Ry,      -6.602566 Ha,    -179.664969 eV


     normalization and overlap integrals

     s(1S/1S) =  1.000000  <r> =   0.2302  <r2> =    0.0717  r(max) =   0.1487
     s(1S/2S) = -0.000000
     s(2S/2S) =  1.000000  <r> =   1.2976  <r2> =    2.0259  r(max) =   1.0142
     s(2P/2P) =  1.000000  <r> =   1.3971  <r2> =    2.5034  r(max) =   0.9744
     s(1S/1S) =  1.000000  <r> =   0.2280  <r2> =    0.0701  r(max) =   0.1487
     s(1S/2S) = -0.000000
     s(2S/2S) =  1.000000  <r> =   1.3958  <r2> =    2.3900  r(max) =   1.0399
     s(2P/2P) =  1.000000  <r> =   1.7186  <r2> =    4.0002  r(max) =   1.0451

     ------------------------ End of All-electron run ------------------------

