
     Program LD1 v.6.1 starts on 28Jun2017 at 15:52:25 

     This program is part of the open-source Quantum ESPRESSO suite
     for quantum simulation of materials; please cite
         "P. Giannozzi et al., J. Phys.:Condens. Matter 21 395502 (2009);
          URL http://www.quantum-espresso.org", 
     in publications or presentations arising from this work. More details at
     http://www.quantum-espresso.org/quote

     Parallel version (MPI), running on     1 processors
     Waiting for input...
     Reading input from standard input
 F
 error           0
     --------------------------- All-electron run ----------------------------

     Sodium                                                                     

     atomic number is 11.00
     dft =KLI   lsd =1 sic =0 latt =0  beta=0.20 tr2=1.0E-14
     Exchange-correlation      = KLI (10  0  0  0 0 0)
     mesh =1601 r(mesh) =  30.02723 a.u. xmin = -7.00 dx = 0.00800
     1 Ry =  13.60569193 eV

     n l     nl                  e(Ry)          e(Ha)          e(eV)
     1 0     1S 1( 1.00)     -76.002669215     -38.001334607  -1034.0689032
     2 0     2S 1( 1.00)      -4.441999811      -2.220999905    -60.4364810
     2 1     2P 1( 3.00)      -2.364475840      -1.182237920    -32.1703299
     3 0     3S 1( 1.00)      -0.363987123      -0.181993562     -4.9522967
     1 0     1S 2( 1.00)     -76.660580633     -38.330290316  -1043.0202433
     2 0     2S 2( 1.00)      -5.110781051      -2.555390525    -69.5357125
     2 1     2P 2( 3.00)      -3.031094304      -1.515547152    -41.2401353
     3 0     3S 2( 0.00)      -0.593652611      -0.296826305     -8.0770545

     final scf error:  2.5E-15 reached in  86 iterations

     Etot =    -323.711830 Ry,    -161.855915 Ha,   -4404.323437 eV
     Total magnetization:    1.00 Bohr mag. 

     Ekin =     323.345626 Ry,     161.672813 Ha,    4399.340973 eV
     Encl =    -779.174479 Ry,    -389.587240 Ha,  -10601.207927 eV
     Eh   =     160.129071 Ry,      80.064536 Ha,    2178.666814 eV
     Exc  =     -28.012048 Ry,     -14.006024 Ha,    -381.123296 eV


     normalization and overlap integrals

     s(1S/1S) =  1.000000  <r> =   0.1433  <r2> =    0.0277  r(max) =   0.0931
     s(1S/2S) = -0.000000
     s(1S/3S) =  0.000000
     s(2S/2S) =  1.000000  <r> =   0.7840  <r2> =    0.7421  r(max) =   0.6102
     s(2S/3S) = -0.000000
     s(2P/2P) =  1.000000  <r> =   0.8003  <r2> =    0.8309  r(max) =   0.5456
     s(3S/3S) =  1.000000  <r> =   4.1855  <r2> =   20.5562  r(max) =   3.3808
     s(1S/1S) =  1.000000  <r> =   0.1433  <r2> =    0.0277  r(max) =   0.0931
     s(1S/2S) = -0.000000
     s(1S/3S) =  0.000000
     s(2S/2S) =  1.000000  <r> =   0.7834  <r2> =    0.7400  r(max) =   0.6102
     s(2S/3S) = -0.000000
     s(2P/2P) =  1.000000  <r> =   0.7953  <r2> =    0.8150  r(max) =   0.5456
     s(3S/3S) =  1.000000  <r> =   3.0848  <r2> =   11.0812  r(max) =   2.5551

     ------------------------ End of All-electron run ------------------------

