
     Program LD1 v.6.1 starts on 17May2017 at 20: 1:18 

     This program is part of the open-source Quantum ESPRESSO suite
     for quantum simulation of materials; please cite
         "P. Giannozzi et al., J. Phys.:Condens. Matter 21 395502 (2009);
          URL http://www.quantum-espresso.org", 
     in publications or presentations arising from this work. More details at
     http://www.quantum-espresso.org/quote

     Parallel version (MPI), running on     1 processors
     Waiting for input...
     Reading input from standard input
           1           1  0.82843735005526264     
           1           2   3.6592479836314792E-002
           1           3  0.13497017010842208     
           2           1   3.6592479836314792E-002
           2           2  0.25879183503847114     
           2           3  0.70461568512521344     
           3           1  0.13497017010842208     
           3           2  0.70461568512521344     
           3           3   2.1604141447663707     
           1           1  0.82843735005526264     
           1           2   3.6592479836314792E-002
           1           3  0.13497017010842208     
           2           1   3.6592479836314792E-002
           2           2  0.25879183503847114     
           2           3  0.70461568512521344     
           3           1  0.13497017010842208     
           3           2  0.70461568512521344     
           3           3   2.1604141447663707     
           1  -11.985799454371529                1
           2  -3.2529172843495808                1
           3  -7.6247322720572761                1
           4  -11.985799454371529                2
           5  -3.2529172843495808                2
           6  -7.6247322720572761                2
           1           1  0.82226997597562668     
           1           2   3.6859548681542127E-002
           1           3  0.14087047534283098     
           2           1   3.6859548681542127E-002
           2           2  0.25683063381537313     
           2           3  0.70630981750308430     
           3           1  0.14087047534283098     
           3           2  0.70630981750308430     
           3           3   2.1528197071540891     
           1           1  0.82226997597562668     
           1           2   3.6859548681542127E-002
           1           3  0.14087047534283098     
           2           1   3.6859548681542127E-002
           2           2  0.25683063381537313     
           2           3  0.70630981750308430     
           3           1  0.14087047534283098     
           3           2  0.70630981750308430     
           3           3   2.1528197071540891     
           1  -12.099945830028473                1
           2  -3.3356678712135941                1
           3  -7.9838874210523363                1
           4  -12.099945830028473                2
           5  -3.3356678712135941                2
           6  -7.9838874210523363                2
           1           1  0.80918054864926525     
           1           2   3.7366960352325652E-002
           1           3  0.15345249099840666     
           2           1   3.7366960352325652E-002
           2           2  0.25485476167739474     
           2           3  0.70777827797027770     
           3           1  0.15345249099840666     
           3           2  0.70777827797027770     
           3           3   2.1387692310313127     
           1           1  0.80918054864926525     
           1           2   3.7366960352325652E-002
           1           3  0.15345249099840666     
           2           1   3.7366960352325652E-002
           2           2  0.25485476167739474     
           2           3  0.70777827797027770     
           3           1  0.15345249099840666     
           3           2  0.70777827797027770     
           3           3   2.1387692310313127     
           1  -12.463407044401674                1
           2  -3.5293616087516728                1
           3  -8.7815375538043767                1
           4  -12.463407044401674                2
           5  -3.5293616087516728                2
           6  -8.7815375538043767                2
           1           1  0.81725999048628784     
           1           2   3.6642392002264094E-002
           1           3  0.14609761751144726     
           2           1   3.6642392002264094E-002
           2           2  0.25609023289043564     
           2           3  0.70726737510730175     
           3           1  0.14609761751144726     
           3           2  0.70726737510730175     
           3           3   2.1466350073812510     
           1           1  0.81725999048628784     
           1           2   3.6642392002264094E-002
           1           3  0.14609761751144726     
           2           1   3.6642392002264094E-002
           2           2  0.25609023289043564     
           2           3  0.70726737510730175     
           3           1  0.14609761751144726     
           3           2  0.70726737510730175     
           3           3   2.1466350073812510     
           1  -12.431111358713880                1
           2  -3.4420341193551862                1
           3  -8.3793543051854957                1
           4  -12.431111358713880                2
           5  -3.4420341193551862                2
           6  -8.3793543051854957                2
           1           1  0.81862352478801326     
           1           2   3.6546846480981797E-002
           1           3  0.14482962873100211     
           2           1   3.6546846480981797E-002
           2           2  0.25633970355658553     
           2           3  0.70711344996243308     
           3           1  0.14482962873100211     
           3           2  0.70711344996243308     
           3           3   2.1480569213065550     
           1           1  0.81862352478801326     
           1           2   3.6546846480981797E-002
           1           3  0.14482962873100211     
           2           1   3.6546846480981797E-002
           2           2  0.25633970355658553     
           2           3  0.70711344996243308     
           3           1  0.14482962873100211     
           3           2  0.70711344996243308     
           3           3   2.1480569213065550     
           1  -12.420574326554288                1
           2  -3.4270168751130003                1
           3  -8.3105364984218415                1
           4  -12.420574326554288                2
           5  -3.4270168751130003                2
           6  -8.3105364984218415                2
           1           1  0.81843103480910939     
           1           2   3.6572115320697221E-002
           1           3  0.14499684987019251     
           2           1   3.6572115320697221E-002
           2           2  0.25628078008665389     
           2           3  0.70714710459264907     
           3           1  0.14499684987019251     
           3           2  0.70714710459264907     
           3           3   2.1478560455371514     
           1           1  0.81843103480910939     
           1           2   3.6572115320697221E-002
           1           3  0.14499684987019251     
           2           1   3.6572115320697221E-002
           2           2  0.25628078008665389     
           2           3  0.70714710459264907     
           3           1  0.14499684987019251     
           3           2  0.70714710459264907     
           3           3   2.1478560455371514     
           1  -12.420144371078399                1
           2  -3.4294423493553228                1
           3  -8.3212178836701991                1
           4  -12.420144371078399                2
           5  -3.4294423493553228                2
           6  -8.3212178836701991                2
           1           1  0.81800855987270793     
           1           2   3.6633948060199477E-002
           1           3  0.14535749206709431     
           2           1   3.6633948060199477E-002
           2           2  0.25614390430678319     
           2           3  0.70722214763301638     
           3           1  0.14535749206709431     
           3           2  0.70722214763301638     
           3           3   2.1474203602998880     
           1           1  0.81800855987270793     
           1           2   3.6633948060199477E-002
           1           3  0.14535749206709431     
           2           1   3.6633948060199477E-002
           2           2  0.25614390430678319     
           2           3  0.70722214763301638     
           3           1  0.14535749206709431     
           3           2  0.70722214763301638     
           3           3   2.1474203602998880     
           1  -12.418239587806951                1
           2  -3.4348806637963145                1
           3  -8.3449466483699020                1
           4  -12.418239587806951                2
           5  -3.4348806637963145                2
           6  -8.3449466483699020                2
           1           1  0.81800437067830289     
           1           2   3.6634298600580366E-002
           1           3  0.14536133072111340     
           2           1   3.6634298600580366E-002
           2           2  0.25614421303680346     
           2           3  0.70722148836261511     
           3           1  0.14536133072111340     
           3           2  0.70722148836261511     
           3           3   2.1474171809162748     
           1           1  0.81800437067830289     
           1           2   3.6634298600580366E-002
           1           3  0.14536133072111340     
           2           1   3.6634298600580366E-002
           2           2  0.25614421303680346     
           2           3  0.70722148836261511     
           3           1  0.14536133072111340     
           3           2  0.70722148836261511     
           3           3   2.1474171809162748     
           1  -12.418264390512951                1
           2  -3.4349010619783340                1
           3  -8.3450455494429274                1
           4  -12.418264390512951                2
           5  -3.4349010619783340                2
           6  -8.3450455494429274                2
           1           1  0.81799291217900993     
           1           2   3.6635499881099994E-002
           1           3  0.14537158793989127     
           2           1   3.6635499881099994E-002
           2           2  0.25614442517108293     
           2           3  0.70722007494781880     
           3           1  0.14537158793989127     
           3           2  0.70722007494781880     
           3           3   2.1474083371122963     
           1           1  0.81799291217900993     
           1           2   3.6635499881099994E-002
           1           3  0.14537158793989127     
           2           1   3.6635499881099994E-002
           2           2  0.25614442517108293     
           2           3  0.70722007494781880     
           3           1  0.14537158793989127     
           3           2  0.70722007494781880     
           3           3   2.1474083371122963     
           1  -12.418292590760597                1
           2  -3.4349670805141295                1
           3  -8.3453530960075621                1
           4  -12.418292590760597                2
           5  -3.4349670805141295                2
           6  -8.3453530960075621                2
           1           1  0.81799219511252164     
           1           2   3.6635535499270212E-002
           1           3  0.14537226938820724     
           2           1   3.6635535499270212E-002
           2           2  0.25614538722103597     
           2           3  0.70721907727969191     
           3           1  0.14537226938820724     
           3           2  0.70721907727969191     
           3           3   2.1474086533320991     
           1           1  0.81799219511252164     
           1           2   3.6635535499270212E-002
           1           3  0.14537226938820724     
           2           1   3.6635535499270212E-002
           2           2  0.25614538722103597     
           2           3  0.70721907727969191     
           3           1  0.14537226938820724     
           3           2  0.70721907727969191     
           3           3   2.1474086533320991     
           1  -12.418300915956042                1
           2  -3.4349498294294176                1
           3  -8.3452819556796687                1
           4  -12.418300915956042                2
           5  -3.4349498294294176                2
           6  -8.3452819556796687                2
           1           1  0.81799485368102443     
           1           2   3.6635220757933504E-002
           1           3  0.14536992556104320     
           2           1   3.6635220757933504E-002
           2           2  0.25614596289360908     
           2           3  0.70721881634845796     
           3           1  0.14536992556104320     
           3           2  0.70721881634845796     
           3           3   2.1474112580904983     
           1           1  0.81799485368102443     
           1           2   3.6635220757933504E-002
           1           3  0.14536992556104320     
           2           1   3.6635220757933504E-002
           2           2  0.25614596289360908     
           2           3  0.70721881634845796     
           3           1  0.14536992556104320     
           3           2  0.70721881634845796     
           3           3   2.1474112580904983     
           1  -12.418300144938804                1
           2  -3.4349205855047833                1
           3  -8.3451520746897998                1
           4  -12.418300144938804                2
           5  -3.4349205855047833                2
           6  -8.3451520746897998                2
           1           1  0.81799581353988127     
           1           2   3.6635094373284230E-002
           1           3  0.14536909208683393     
           2           1   3.6635094373284230E-002
           2           2  0.25614612384944008     
           2           3  0.70721878177727571     
           3           1  0.14536909208683393     
           3           2  0.70721878177727571     
           3           3   2.1474121261358956     
           1           1  0.81799581353988127     
           1           2   3.6635094373284230E-002
           1           3  0.14536909208683393     
           2           1   3.6635094373284230E-002
           2           2  0.25614612384944008     
           2           3  0.70721878177727571     
           3           1  0.14536909208683393     
           3           2  0.70721878177727571     
           3           3   2.1474121261358956     
           1  -12.418301799414227                1
           2  -3.4349113340027007                1
           3  -8.3451111783667997                1
           4  -12.418301799414227                2
           5  -3.4349113340027007                2
           6  -8.3451111783667997                2
           1           1  0.81799689875306325     
           1           2   3.6634904897999664E-002
           1           3  0.14536819634893591     
           2           1   3.6634904897999664E-002
           2           2  0.25614637731177614     
           2           3  0.70721871779022505     
           3           1  0.14536819634893591     
           3           2  0.70721871779022505     
           3           3   2.1474130858608311     
           1           1  0.81799689875306325     
           1           2   3.6634904897999664E-002
           1           3  0.14536819634893591     
           2           1   3.6634904897999664E-002
           2           2  0.25614637731177614     
           2           3  0.70721871779022505     
           3           1  0.14536819634893591     
           3           2  0.70721871779022505     
           3           3   2.1474130858608311     
           1  -12.418310884988527                1
           2  -3.4349000097132394                1
           3  -8.3450626757187365                1
           4  -12.418310884988527                2
           5  -3.4349000097132394                2
           6  -8.3450626757187365                2
           1           1  0.81799608076009633     
           1           2   3.6634984993643128E-002
           1           3  0.14536893424625999     
           2           1   3.6634984993643128E-002
           2           2  0.25614639864547378     
           2           3  0.70721861636088279     
           3           1  0.14536893424625999     
           3           2  0.70721861636088279     
           3           3   2.1474124493928581     
           1           1  0.81799608076009633     
           1           2   3.6634984993643128E-002
           1           3  0.14536893424625999     
           2           1   3.6634984993643128E-002
           2           2  0.25614639864547378     
           2           3  0.70721861636088279     
           3           1  0.14536893424625999     
           3           2  0.70721861636088279     
           3           3   2.1474124493928581     
           1  -12.418313780863921                1
           2  -3.4349046771428475                1
           3  -8.3450846075479337                1
           4  -12.418313780863921                2
           5  -3.4349046771428475                2
           6  -8.3450846075479337                2
           1           1  0.81799544725089812     
           1           2   3.6635032127069124E-002
           1           3  0.14536952062203376     
           2           1   3.6635032127069124E-002
           2           2  0.25614659002219409     
           2           3  0.70721837785073660     
           3           1  0.14536952062203376     
           3           2  0.70721837785073660     
           3           3   2.1474121015272254     
           1           1  0.81799544725089812     
           1           2   3.6635032127069124E-002
           1           3  0.14536952062203376     
           2           1   3.6635032127069124E-002
           2           2  0.25614659002219409     
           2           3  0.70721837785073660     
           3           1  0.14536952062203376     
           3           2  0.70721837785073660     
           3           3   2.1474121015272254     
           1  -12.418318316380375                1
           2  -3.4349044673069784                1
           3  -8.3450856979014905                1
           4  -12.418318316380375                2
           5  -3.4349044673069784                2
           6  -8.3450856979014905                2
           1           1  0.81799589948482376     
           1           2   3.6634973335943163E-002
           1           3  0.14536912717923298     
           2           1   3.6634973335943163E-002
           2           2  0.25614673960687306     
           2           3  0.70721828705718071     
           3           1  0.14536912717923298     
           3           2  0.70721828705718071     
           3           3   2.1474125857635866     
           1           1  0.81799589948482376     
           1           2   3.6634973335943163E-002
           1           3  0.14536912717923298     
           2           1   3.6634973335943163E-002
           2           2  0.25614673960687306     
           2           3  0.70721828705718071     
           3           1  0.14536912717923298     
           3           2  0.70721828705718071     
           3           3   2.1474125857635866     
           1  -12.418318921270298                1
           2  -3.4348983653695870                1
           3  -8.3450589713807801                1
           4  -12.418318921270298                2
           5  -3.4348983653695870                2
           6  -8.3450589713807801                2
           1           1  0.81799593091463063     
           1           2   3.6634969101818203E-002
           1           3  0.14536909998355138     
           2           1   3.6634969101818203E-002
           2           2  0.25614674313755548     
           2           3  0.70721828776062479     
           3           1  0.14536909998355138     
           3           2  0.70721828776062479     
           3           3   2.1474126122558270     
           1           1  0.81799593091463063     
           1           2   3.6634969101818203E-002
           1           3  0.14536909998355138     
           2           1   3.6634969101818203E-002
           2           2  0.25614674313755548     
           2           3  0.70721828776062479     
           3           1  0.14536909998355138     
           3           2  0.70721828776062479     
           3           3   2.1474126122558270     
           1  -12.418318971446508                1
           2  -3.4348981014393867                1
           3  -8.3450578087533724                1
           4  -12.418318971446508                2
           5  -3.4348981014393867                2
           6  -8.3450578087533724                2
           1           1  0.81799631060286038     
           1           2   3.6634913436488475E-002
           1           3  0.14536877596065062     
           2           1   3.6634913436488475E-002
           2           2  0.25614675590083946     
           2           3  0.70721833066267403     
           3           1  0.14536877596065062     
           3           2  0.70721833066267403     
           3           3   2.1474128933766661     
           1           1  0.81799631060286038     
           1           2   3.6634913436488475E-002
           1           3  0.14536877596065062     
           2           1   3.6634913436488475E-002
           2           2  0.25614675590083946     
           2           3  0.70721833066267403     
           3           1  0.14536877596065062     
           3           2  0.70721833066267403     
           3           3   2.1474128933766661     
           1  -12.418320199359416                1
           2  -3.4348956751150830                1
           3  -8.3450471891835836                1
           4  -12.418320199359416                2
           5  -3.4348956751150830                2
           6  -8.3450471891835836                2
           1           1  0.81799624196211007     
           1           2   3.6634920807809675E-002
           1           3  0.14536883723007801     
           2           1   3.6634920807809675E-002
           2           2  0.25614676073092496     
           2           3  0.70721831846126637     
           3           1  0.14536883723007801     
           3           2  0.70721831846126637     
           3           3   2.1474128443086555     
           1           1  0.81799624196211007     
           1           2   3.6634920807809675E-002
           1           3  0.14536883723007801     
           2           1   3.6634920807809675E-002
           2           2  0.25614676073092496     
           2           3  0.70721831846126637     
           3           1  0.14536883723007801     
           3           2  0.70721831846126637     
           3           3   2.1474128443086555     
           1  -12.418320402113054                1
           2  -3.4348959951149878                1
           3  -8.3450486813536013                1
           4  -12.418320402113054                2
           5  -3.4348959951149878                2
           6  -8.3450486813536013                2
           1           1  0.81799611858966881     
           1           2   3.6634933937226742E-002
           1           3  0.14536894747310575     
           2           1   3.6634933937226742E-002
           2           2  0.25614677927434287     
           2           3  0.70721828678843113     
           3           1  0.14536894747310575     
           3           2  0.70721828678843113     
           3           3   2.1474127657384665     
           1           1  0.81799611858966881     
           1           2   3.6634933937226742E-002
           1           3  0.14536894747310575     
           2           1   3.6634933937226742E-002
           2           2  0.25614677927434287     
           2           3  0.70721828678843113     
           3           1  0.14536894747310575     
           3           2  0.70721828678843113     
           3           3   2.1474127657384665     
           1  -12.418320806919583                1
           2  -3.4348963460643982                1
           3  -8.3450504001742569                1
           4  -12.418320806919583                2
           5  -3.4348963460643982                2
           6  -8.3450504001742569                2
           1           1  0.81799612757536933     
           1           2   3.6634932663639000E-002
           1           3  0.14536893976099124     
           2           1   3.6634932663639000E-002
           2           2  0.25614678761304549     
           2           3  0.70721827972331597     
           3           1  0.14536893976099124     
           3           2  0.70721827972331597     
           3           3   2.1474127805156940     
           1           1  0.81799612757536933     
           1           2   3.6634932663639000E-002
           1           3  0.14536893976099124     
           2           1   3.6634932663639000E-002
           2           2  0.25614678761304549     
           2           3  0.70721827972331597     
           3           1  0.14536893976099124     
           3           2  0.70721827972331597     
           3           3   2.1474127805156940     
           1  -12.418320845101171                1
           2  -3.4348961031502783                1
           3  -8.3450493484354986                1
           4  -12.418320845101171                2
           5  -3.4348961031502783                2
           6  -8.3450493484354986                2
           1           1  0.81799613525535986     
           1           2   3.6634931616910144E-002
           1           3  0.14536893312773311     
           2           1   3.6634931616910144E-002
           2           2  0.25614678915724193     
           2           3  0.70721827922584624     
           3           1  0.14536893312773311     
           3           2  0.70721827922584624     
           3           3   2.1474127876464220     
           1           1  0.81799613525535986     
           1           2   3.6634931616910144E-002
           1           3  0.14536893312773311     
           2           1   3.6634931616910144E-002
           2           2  0.25614678915724193     
           2           3  0.70721827922584624     
           3           1  0.14536893312773311     
           3           2  0.70721827922584624     
           3           3   2.1474127876464220     
           1  -12.418320858792512                1
           2  -3.4348960228904621                1
           3  -8.3450489974378694                1
           4  -12.418320858792512                2
           5  -3.4348960228904621                2
           6  -8.3450489974378694                2
           1           1  0.81799617003103120     
           1           2   3.6634926454044058E-002
           1           3  0.14536890351492260     
           2           1   3.6634926454044058E-002
           2           2  0.25614679165279891     
           2           3  0.70721828189315539     
           3           1  0.14536890351492260     
           3           2  0.70721828189315539     
           3           3   2.1474128145919273     
           1           1  0.81799617003103120     
           1           2   3.6634926454044058E-002
           1           3  0.14536890351492260     
           2           1   3.6634926454044058E-002
           2           2  0.25614679165279891     
           2           3  0.70721828189315539     
           3           1  0.14536890351492260     
           3           2  0.70721828189315539     
           3           3   2.1474128145919273     
           1  -12.418320971169617                1
           2  -3.4348957690371358                1
           3  -8.3450478951896923                1
           4  -12.418320971169617                2
           5  -3.4348957690371358                2
           6  -8.3450478951896923                2
           1           1  0.81799616424239274     
           1           2   3.6634926977628934E-002
           1           3  0.14536890877997671     
           2           1   3.6634926977628934E-002
           2           2  0.25614679235134413     
           2           3  0.70721828067102599     
           3           1  0.14536890877997671     
           3           2  0.70721828067102599     
           3           3   2.1474128105489974     
           1           1  0.81799616424239274     
           1           2   3.6634926977628934E-002
           1           3  0.14536890877997671     
           2           1   3.6634926977628934E-002
           2           2  0.25614679235134413     
           2           3  0.70721828067102599     
           3           1  0.14536890877997671     
           3           2  0.70721828067102599     
           3           3   2.1474128105489974     
           1  -12.418321003168185                1
           2  -3.4348957908849052                1
           3  -8.3450480021463473                1
           4  -12.418321003168185                2
           5  -3.4348957908849052                2
           6  -8.3450480021463473                2
           1           1  0.81799614804568366     
           1           2   3.6634928798256361E-002
           1           3  0.14536892315605940     
           2           1   3.6634928798256361E-002
           2           2  0.25614679369063797     
           2           3  0.70721827751110511     
           3           1  0.14536892315605940     
           3           2  0.70721827751110511     
           3           3   2.1474127993328338     
           1           1  0.81799614804568366     
           1           2   3.6634928798256361E-002
           1           3  0.14536892315605940     
           2           1   3.6634928798256361E-002
           2           2  0.25614679369063797     
           2           3  0.70721827751110511     
           3           1  0.14536892315605940     
           3           2  0.70721827751110511     
           3           3   2.1474127993328338     
           1  -12.418321039952938                1
           2  -3.4348958606151965                1
           3  -8.3450483264550623                1
           4  -12.418321039952938                2
           5  -3.4348958606151965                2
           6  -8.3450483264550623                2
           1           1  0.81799614785599362     
           1           2   3.6634928796712263E-002
           1           3  0.14536892334729076     
           2           1   3.6634928796712263E-002
           2           2  0.25614679417467373     
           2           3  0.70721827702861284     
           3           1  0.14536892334729076     
           3           2  0.70721827702861284     
           3           3   2.1474127996240941     
           1           1  0.81799614785599362     
           1           2   3.6634928796712263E-002
           1           3  0.14536892334729076     
           2           1   3.6634928796712263E-002
           2           2  0.25614679417467373     
           2           3  0.70721827702861284     
           3           1  0.14536892334729076     
           3           2  0.70721827702861284     
           3           3   2.1474127996240941     
           1  -12.418321044302475                1
           2  -3.4348958509711638                1
           3  -8.3450482860718989                1
           4  -12.418321044302475                2
           5  -3.4348958509711638                2
           6  -8.3450482860718989                2
           1           1  0.81799615036577056     
           1           2   3.6634928467580222E-002
           1           3  0.14536892116664801     
           2           1   3.6634928467580222E-002
           2           2  0.25614679455337225     
           2           3  0.70721827697904716     
           3           1  0.14536892116664801     
           3           2  0.70721827697904716     
           3           3   2.1474128018543071     
           1           1  0.81799615036577056     
           1           2   3.6634928467580222E-002
           1           3  0.14536892116664801     
           2           1   3.6634928467580222E-002
           2           2  0.25614679455337225     
           2           3  0.70721827697904716     
           3           1  0.14536892116664801     
           3           2  0.70721827697904716     
           3           3   2.1474128018543071     
           1  -12.418321045858997                1
           2  -3.4348958273012431                1
           3  -8.3450481822303448                1
           4  -12.418321045858997                2
           5  -3.4348958273012431                2
           6  -8.3450481822303448                2
           1           1  0.81799615106289192     
           1           2   3.6634928359584901E-002
           1           3  0.14536892057752460     
           2           1   3.6634928359584901E-002
           2           2  0.25614679453465233     
           2           3  0.70721827710576102     
           3           1  0.14536892057752460     
           3           2  0.70721827710576102     
           3           3   2.1474128023167167     
           1           1  0.81799615106289192     
           1           2   3.6634928359584901E-002
           1           3  0.14536892057752460     
           2           1   3.6634928359584901E-002
           2           2  0.25614679453465233     
           2           3  0.70721827710576102     
           3           1  0.14536892057752460     
           3           2  0.70721827710576102     
           3           3   2.1474128023167167     
           1  -12.418321048243110                1
           2  -3.4348958237931546                1
           3  -8.3450481672559782                1
           4  -12.418321048243110                2
           5  -3.4348958237931546                2
           6  -8.3450481672559782                2
 F
 error           0
     --------------------------- All-electron run ----------------------------

     10                                                                         

     atomic number is 10.00
     dft =KLI   lsd =1 sic =0 latt =0  beta=0.20 tr2=1.0E-14
     Exchange-correlation      = KLI (10  0  0  0 0 0)
     mesh =1451 r(mesh) =   9.94843 a.u. xmin = -7.00 dx = 0.00800
     1 Ry =  13.60569193 eV

     n l     nl                  e(Ry)          e(Ha)          e(eV)
     1 0     1S 1( 1.00)       -61.6042       -30.8021      -838.1677
     2 0     2S 1( 1.00)        -3.4145        -1.7073       -46.4569
     2 1     2P 1( 3.00)        -1.6988        -0.8494       -23.1134
     1 0     1S 2( 1.00)       -61.6042       -30.8021      -838.1677
     2 0     2S 2( 1.00)        -3.4145        -1.7073       -46.4569
     2 1     2P 2( 3.00)        -1.6988        -0.8494       -23.1134

     final scf error:  5.5E-15 reached in  28 iterations

     Etot =    -257.089669 Ry,    -128.544834 Ha,   -3497.882831 eV
     Total magnetization:    0.00 Bohr mag. 

     Ekin =     256.778425 Ry,     128.389213 Ha,    3493.648151 eV
     Encl =    -622.006128 Ry,    -311.003064 Ha,   -8462.823762 eV
     Eh   =     132.336299 Ry,      66.168150 Ha,    1800.526919 eV
     Exc  =     -24.198265 Ry,     -12.099133 Ha,    -329.234139 eV


     normalization and overlap integrals

     s(1S/1S) =  1.000000  <r> =   0.1581  <r2> =    0.0337  r(max) =   0.1033
     s(1S/2S) = -0.000000
     s(2S/2S) =  1.000000  <r> =   0.8962  <r2> =    0.9760  r(max) =   0.6876
     s(2P/2P) =  1.000000  <r> =   0.9633  <r2> =    1.2245  r(max) =   0.6347
     s(1S/1S) =  1.000000  <r> =   0.1581  <r2> =    0.0337  r(max) =   0.1033
     s(1S/2S) = -0.000000
     s(2S/2S) =  1.000000  <r> =   0.8962  <r2> =    0.9760  r(max) =   0.6876
     s(2P/2P) =  1.000000  <r> =   0.9633  <r2> =    1.2245  r(max) =   0.6347

     ------------------------ End of All-electron run ------------------------

