
     Program LD1 v.6.1 starts on 28Jun2017 at 15:52:23 

     This program is part of the open-source Quantum ESPRESSO suite
     for quantum simulation of materials; please cite
         "P. Giannozzi et al., J. Phys.:Condens. Matter 21 395502 (2009);
          URL http://www.quantum-espresso.org", 
     in publications or presentations arising from this work. More details at
     http://www.quantum-espresso.org/quote

     Parallel version (MPI), running on     1 processors
     Waiting for input...
     Reading input from standard input
 F
 error           0
     --------------------------- All-electron run ----------------------------

     Oxigen                                                                     

     atomic number is  8.00
     dft =KLI   lsd =1 sic =0 latt =0  beta=0.20 tr2=1.0E-14
     Exchange-correlation      = KLI (10  0  0  0 0 0)
     mesh =2555 r(mesh) =  40.06722 a.u. xmin = -7.00 dx = 0.00500
     1 Ry =  13.60569193 eV

     n l     nl                  e(Ry)          e(Ha)          e(eV)
     1 0     1S 1( 1.00)       -38.3342       -19.1671      -521.5629
     2 0     2S 1( 1.00)        -2.4771        -1.2385       -33.7020
     2 1     2P 1( 3.00)        -1.3573        -0.6786       -18.4668
     1 0     1S 2( 1.00)       -38.5402       -19.2701      -524.3663
     2 0     2S 2( 1.00)        -2.1056        -1.0528       -28.6487
     2 1     2P 2( 1.00)        -1.0138        -0.5069       -13.7930

     final scf error:  6.8E-15 reached in  38 iterations

     Etot =    -149.623335 Ry,     -74.811667 Ha,   -2035.728998 eV
     Total magnetization:    2.00 Bohr mag. 

     Ekin =     149.515897 Ry,      74.757948 Ha,    2034.267228 eV
     Encl =    -356.053576 Ry,    -178.026788 Ha,   -4844.355272 eV
     Eh   =      73.268678 Ry,      36.634339 Ha,     996.871060 eV
     Exc  =     -16.354333 Ry,      -8.177166 Ha,    -222.512015 eV


     normalization and overlap integrals

     s(1S/1S) =  1.000000  <r> =   0.1999  <r2> =    0.0540  r(max) =   0.1295
     s(1S/2S) = -0.000000
     s(2S/2S) =  1.000000  <r> =   1.1230  <r2> =    1.5224  r(max) =   0.8742
     s(2P/2P) =  1.000000  <r> =   1.1999  <r2> =    1.8637  r(max) =   0.8233
     s(1S/1S) =  1.000000  <r> =   0.1988  <r2> =    0.0533  r(max) =   0.1295
     s(1S/2S) = -0.000000
     s(2S/2S) =  1.000000  <r> =   1.1681  <r2> =    1.6628  r(max) =   0.8874
     s(2P/2P) =  1.000000  <r> =   1.3290  <r2> =    2.3472  r(max) =   0.8526

     ------------------------ End of All-electron run ------------------------

