
     Program LD1 v.6.1 starts on 13Apr2017 at 23: 6:54 

     This program is part of the open-source Quantum ESPRESSO suite
     for quantum simulation of materials; please cite
         "P. Giannozzi et al., J. Phys.:Condens. Matter 21 395502 (2009);
          URL http://www.quantum-espresso.org", 
     in publications or presentations arising from this work. More details at
     http://www.quantum-espresso.org/quote

     Serial version
     Waiting for input...
     Reading input from standard input
     --------------------------- All-electron run ----------------------------

     Ar                                                                         

     atomic number is 18.00
     dft =LDA   lsd =1 sic =1 latt =0  beta=0.30 tr2=1.0E-14
     Exchange-correlation      = LDA ( 1  1  0  0 0 0)
     mesh =1687 r(mesh) =  99.24864 a.u. xmin = -6.00 dx = 0.00800
     1 Ry =  13.60569193 eV

     n l     nl                  e(Ry)          e(Ha)          e(eV)
     1 0     1S 1( 1.00)      -236.5834      -118.2917     -3218.8811
     2 0     2S 1( 1.00)       -23.1882       -11.5941      -315.4919
     2 1     2P 1( 3.00)       -18.8248        -9.4124      -256.1249
     3 0     3S 1( 1.00)        -2.2210        -1.1105       -30.2187
     3 1     3P 1( 3.00)        -1.1586        -0.5793       -15.7632
     1 0     1S 2( 1.00)      -236.5834      -118.2917     -3218.8811
     2 0     2S 2( 1.00)       -23.1882       -11.5941      -315.4919
     2 1     2P 2( 3.00)       -18.8248        -9.4124      -256.1249
     3 0     3S 2( 1.00)        -2.2210        -1.1105       -30.2187
     3 1     3P 2( 3.00)        -1.1586        -0.5793       -15.7632

     final scf error:  7.3E-15 reached in  40 iterations

     Etot =   -1056.854073 Ry,    -528.427037 Ha,  -14379.230936 eV
     Total magnetization:    0.00 Bohr mag. 

     Ekin =    1055.678511 Ry,     527.839256 Ha,   14363.236601 eV
     Encl =   -2512.915861 Ry,   -1256.457931 Ha,  -34189.959054 eV
     Eh   =     464.001470 Ry,     232.000735 Ha,    6313.061051 eV
     Exc  =     -63.618193 Ry,     -31.809096 Ha,    -865.569533 eV

     SIC information:
     Esich=     -45.328235 Ry,     -22.664118 Ha,    -616.722002 eV
     Esicxc=     40.341087 Ry,      20.170543 Ha,     548.868401 eV
     Esictot=    -4.987148 Ry,      -2.493574 Ha,     -67.853601 eV

     tot-Exc=   -58.631045 Ry,     -29.315522 Ha,    -797.715933 eV
     int-Exc=   -18.289958 Ry,      -9.144979 Ha,    -248.847531 eV
     int-Eh=    418.673235 Ry,     209.336617 Ha,    5696.339049 eV


     normalization and overlap integrals

     s(1S/1S) =  1.000000  <r> =   0.0861  <r2> =    0.0099  r(max) =   0.0565
     s(1S/2S) =  0.004037
     s(1S/3S) =  0.001015
     s(2S/2S) =  1.000000  <r> =   0.4182  <r2> =    0.2075  r(max) =   0.3415
     s(2S/3S) =  0.003320
     s(2P/2P) =  1.000000  <r> =   0.3763  <r2> =    0.1758  r(max) =   0.2819
     s(2P/3P) =  0.008009
     s(3S/3S) =  1.000000  <r> =   1.4177  <r2> =    2.3464  r(max) =   1.1801
     s(3P/3P) =  1.000000  <r> =   1.6636  <r2> =    3.3385  r(max) =   1.2887
     s(1S/1S) =  1.000000  <r> =   0.0861  <r2> =    0.0099  r(max) =   0.0565
     s(1S/2S) =  0.004037
     s(1S/3S) =  0.001015
     s(2S/2S) =  1.000000  <r> =   0.4182  <r2> =    0.2075  r(max) =   0.3415
     s(2S/3S) =  0.003320
     s(2P/2P) =  1.000000  <r> =   0.3763  <r2> =    0.1758  r(max) =   0.2819
     s(2P/3P) =  0.008009
     s(3S/3S) =  1.000000  <r> =   1.4177  <r2> =    2.3464  r(max) =   1.1801
     s(3P/3P) =  1.000000  <r> =   1.6636  <r2> =    3.3385  r(max) =   1.2887

     ------------------------ End of All-electron run ------------------------

