
     Program LD1 v.6.1 starts on 13Apr2017 at 23: 6:55 

     This program is part of the open-source Quantum ESPRESSO suite
     for quantum simulation of materials; please cite
         "P. Giannozzi et al., J. Phys.:Condens. Matter 21 395502 (2009);
          URL http://www.quantum-espresso.org", 
     in publications or presentations arising from this work. More details at
     http://www.quantum-espresso.org/quote

     Serial version
     Waiting for input...
     Reading input from standard input
     --------------------------- All-electron run ----------------------------

     Cu +                                                                       

     atomic number is 29.00
     dft =NOX-NOC   lsd =0 sic =1 latt =0  beta=0.20 tr2=1.0E-14
     Exchange-correlation      = NOX-NOC ( 0  0  0  0 0 0)
     mesh =1747 r(mesh) =  99.55439 a.u. xmin = -6.00 dx = 0.00800
     1 Ry =  13.60569193 eV

     n l     nl                  e(Ry)          e(Ha)          e(eV)
     1 0     1S 1( 2.00)      -657.9155      -328.9578     -8951.3956
     2 0     2S 1( 2.00)       -78.4765       -39.2382     -1067.7265
     2 1     2P 1( 6.00)       -69.8652       -34.9326      -950.5642
     3 0     3S 1( 2.00)        -8.9908        -4.4954      -122.3254
     3 1     3P 1( 6.00)        -6.0808        -3.0404       -82.7341
     3 2     3D 1(10.00)        -1.1993        -0.5996       -16.3172

     final scf error:  5.7E-15 reached in  77 iterations

     Etot =   -3235.783848 Ry,   -1617.891924 Ha,  -44025.078192 eV

     Ekin =    3235.783854 Ry,    1617.891927 Ha,   44025.078276 eV
     Encl =   -7748.917001 Ry,   -3874.458500 Ha, -105429.377508 eV
     Eh   =    1364.767724 Ry,     682.383862 Ha,   18568.609203 eV
     Exc  =     -87.418425 Ry,     -43.709213 Ha,   -1189.388163 eV

     SIC information:
     Esich=     -87.418425 Ry,     -43.709213 Ha,   -1189.388163 eV
     Esicxc=      0.000000 Ry,       0.000000 Ha,       0.000000 eV
     Esictot=   -87.418425 Ry,     -43.709213 Ha,   -1189.388163 eV

     tot-Exc=     0.000000 Ry,       0.000000 Ha,       0.000000 eV
     int-Exc=     0.000000 Ry,       0.000000 Ha,       0.000000 eV
     int-Eh=   1277.349298 Ry,     638.674649 Ha,   17379.221040 eV


     normalization and overlap integrals

     s(1S/1S) =  1.000000  <r> =   0.0527  <r2> =    0.0037  r(max) =   0.0348
     s(1S/2S) =  0.007392
     s(1S/3S) =  0.002567
     s(2S/2S) =  1.000000  <r> =   0.2411  <r2> =    0.0684  r(max) =   0.2020
     s(2S/3S) =  0.011427
     s(2P/2P) =  1.000000  <r> =   0.2090  <r2> =    0.0535  r(max) =   0.1602
     s(2P/3P) =  0.015716
     s(3S/3S) =  1.000000  <r> =   0.7346  <r2> =    0.6248  r(max) =   0.6343
     s(3P/3P) =  1.000000  <r> =   0.7705  <r2> =    0.7039  r(max) =   0.6343
     s(3D/3D) =  1.000000  <r> =   1.1147  <r2> =    1.7449  r(max) =   0.6192

     ------------------------ End of All-electron run ------------------------

